Configuration file: hostapd.conf
Using interface wlan0 with hwaddr 02:00:00:00:00:00 and ssid "testrun"
wlan0: interface state UNINITIALIZED->ENABLED
wlan0: AP-ENABLED 
wlan0: STA 02:00:00:00:01:00 IEEE 802.11: authenticated
wlan0: STA 02:00:00:00:01:00 IEEE 802.11: associated (aid 1)
wlan0: AP-STA-CONNECTED 02:00:00:00:01:00
wlan0: STA 02:00:00:00:01:00 RADIUS: starting accounting session 5D35DF31576F16A7
wlan0: STA 02:00:00:00:01:00 WPA: pairwise key handshake completed (RSN)
wlan0: interface state ENABLED->DISABLED
wlan0: AP-STA-DISCONNECTED 02:00:00:00:01:00
wlan0: AP-DISABLED 
nl80211: deinit ifname=wlan0 disabled_11b_rates=0
Configuration file: hostapd.conf
Using interface wlan0 with hwaddr 02:00:00:00:00:00 and ssid "testrun"
wlan0: interface state UNINITIALIZED->ENABLED
wlan0: AP-ENABLED 
wlan0: interface state ENABLED->DISABLED
wlan0: AP-DISABLED 
nl80211: deinit ifname=wlan0 disabled_11b_rates=0
