Input configuration file: /home/rathan/Downloads/hwsim_test/wmediumd.cfg
#_if = 4
A[0]:02:00:00:00:00:00
A[1]:02:00:00:00:01:00
A[2]:02:00:00:00:02:00
A[3]:02:00:00:00:03:00
[ -1.000000][  0.000000][  0.000000][  0.000000]
[  0.000000][ -1.000000][  0.000000][  0.000000]
[  0.000000][  0.000000][ -1.000000][  0.000000]
[  0.000000][  0.000000][  0.000000][ -1.000000]
Matrix rate = 0
[ -1.000000][  0.000000][  0.000000][  0.000000]
[  0.000000][ -1.000000][  0.000000][  0.000000]
[  0.000000][  0.000000][ -1.000000][  0.000000]
[  0.000000][  0.000000][  0.000000][ -1.000000]
Matrix rate = 1
[ -1.000000][  0.000000][  0.000000][  0.000000]
[  0.000000][ -1.000000][  0.000000][  0.000000]
[  0.000000][  0.000000][ -1.000000][  0.000000]
[  0.000000][  0.000000][  0.000000][ -1.000000]
Matrix rate = 2
[ -1.000000][  0.000000][  0.000000][  0.000000]
[  0.000000][ -1.000000][  0.000000][  0.000000]
[  0.000000][  0.000000][ -1.000000][  0.000000]
[  0.000000][  0.000000][  0.000000][ -1.000000]
Matrix rate = 3
[ -1.000000][  0.000000][  0.000000][  0.000000]
[  0.000000][ -1.000000][  0.000000][  0.000000]
[  0.000000][  0.000000][ -1.000000][  0.000000]
[  0.000000][  0.000000][  0.000000][ -1.000000]
Matrix rate = 4
[ -1.000000][  0.000000][  0.000000][  0.000000]
[  0.000000][ -1.000000][  0.000000][  0.000000]
[  0.000000][  0.000000][ -1.000000][  0.000000]
[  0.000000][  0.000000][  0.000000][ -1.000000]
Matrix rate = 5
[ -1.000000][  0.000000][  0.000000][  0.000000]
[  0.000000][ -1.000000][  0.000000][  0.000000]
[  0.000000][  0.000000][ -1.000000][  0.000000]
[  0.000000][  0.000000][  0.000000][ -1.000000]
Matrix rate = 6
[ -1.000000][  0.000000][  0.000000][  0.000000]
[  0.000000][ -1.000000][  0.000000][  0.000000]
[  0.000000][  0.000000][ -1.000000][  0.000000]
[  0.000000][  0.000000][  0.000000][ -1.000000]
Matrix rate = 7
[ -1.000000][  0.000000][  0.000000][  0.000000]
[  0.000000][ -1.000000][  0.000000][  0.000000]
[  0.000000][  0.000000][ -1.000000][  0.000000]
[  0.000000][  0.000000][  0.000000][ -1.000000]
Matrix rate = 8
[ -1.000000][  0.000000][  0.000000][  0.000000]
[  0.000000][ -1.000000][  0.000000][  0.000000]
[  0.000000][  0.000000][ -1.000000][  0.000000]
[  0.000000][  0.000000][  0.000000][ -1.000000]
Matrix rate = 9
[ -1.000000][  0.000000][  0.000000][  0.000000]
[  0.000000][ -1.000000][  0.000000][  0.000000]
[  0.000000][  0.000000][ -1.000000][  0.000000]
[  0.000000][  0.000000][  0.000000][ -1.000000]
Matrix rate = 10
[ -1.000000][  0.000000][  0.000000][  0.000000]
[  0.000000][ -1.000000][  0.000000][  0.000000]
[  0.000000][  0.000000][ -1.000000][  0.000000]
[  0.000000][  0.000000][  0.000000][ -1.000000]
Matrix rate = 11
REGISTER SENT!
