Successfully initialized wpa_supplicant
rfkill: Cannot get wiphy information
nl80211: Could not set interface 'p2p-dev-wlan1' UP
nl80211: deinit ifname=p2p-dev-wlan1 disabled_11b_rates=0
p2p-dev-wlan1: Failed to initialize driver interface
P2P: Failed to enable P2P Device interface
wlan1: CTRL-EVENT-SCAN-FAILED ret=-16 retry=1
wlan1: SME: Trying to authenticate with 02:00:00:00:00:00 (SSID='hwsim' freq=2437 MHz)
wlan1: Trying to associate with 02:00:00:00:00:00 (SSID='hwsim' freq=2437 MHz)
wlan1: SME: Association request to the driver failed
wlan1: SME: Trying to authenticate with 02:00:00:00:00:00 (SSID='hwsim' freq=2437 MHz)
wlan1: Trying to associate with 02:00:00:00:00:00 (SSID='hwsim' freq=2437 MHz)
wlan1: Associated with 02:00:00:00:00:00
wlan1: CTRL-EVENT-CONNECTED - Connection to 02:00:00:00:00:00 completed [id=0 id_str=]
wlan1: CTRL-EVENT-SUBNET-STATUS-UPDATE status=0
wlan1: CTRL-EVENT-DISCONNECTED bssid=02:00:00:00:00:00 reason=3 locally_generated=1
wlan1: SME: Trying to authenticate with 02:00:00:00:00:00 (SSID='hwsim' freq=2437 MHz)
wlan1: Trying to associate with 02:00:00:00:00:00 (SSID='hwsim' freq=2437 MHz)
wlan1: SME: Association request to the driver failed
wlan1: SME: Trying to authenticate with 02:00:00:00:00:00 (SSID='hwsim' freq=2437 MHz)
wlan1: Trying to associate with 02:00:00:00:00:00 (SSID='hwsim' freq=2437 MHz)
wlan1: SME: Association request to the driver failed
wlan1: Associated with 02:00:00:00:00:00
wlan1: CTRL-EVENT-CONNECTED - Connection to 02:00:00:00:00:00 completed [id=0 id_str=]
wlan1: CTRL-EVENT-SUBNET-STATUS-UPDATE status=0
wlan1: CTRL-EVENT-DISCONNECTED bssid=02:00:00:00:00:00 reason=3 locally_generated=1
wlan1: CTRL-EVENT-SCAN-FAILED ret=-16 retry=1
wlan1: SME: Trying to authenticate with 02:00:00:00:00:00 (SSID='hwsim' freq=2437 MHz)
wlan1: Trying to associate with 02:00:00:00:00:00 (SSID='hwsim' freq=2437 MHz)
wlan1: Associated with 02:00:00:00:00:00
wlan1: CTRL-EVENT-CONNECTED - Connection to 02:00:00:00:00:00 completed [id=0 id_str=]
wlan1: CTRL-EVENT-SUBNET-STATUS-UPDATE status=0
wlan1: CTRL-EVENT-DISCONNECTED bssid=02:00:00:00:00:00 reason=3 locally_generated=1
wlan1: SME: Trying to authenticate with 02:00:00:00:00:00 (SSID='hwsim' freq=2437 MHz)
wlan1: Trying to associate with 02:00:00:00:00:00 (SSID='hwsim' freq=2437 MHz)
wlan1: Associated with 02:00:00:00:00:00
wlan1: CTRL-EVENT-CONNECTED - Connection to 02:00:00:00:00:00 completed [id=0 id_str=]
wlan1: CTRL-EVENT-SUBNET-STATUS-UPDATE status=0
wlan1: CTRL-EVENT-DISCONNECTED bssid=02:00:00:00:00:00 reason=3 locally_generated=1
wlan1: CTRL-EVENT-SCAN-FAILED ret=-16 retry=1
wlan1: SME: Trying to authenticate with 02:00:00:00:00:00 (SSID='hwsim' freq=2437 MHz)
wlan1: Trying to associate with 02:00:00:00:00:00 (SSID='hwsim' freq=2437 MHz)
wlan1: SME: Association request to the driver failed
wlan1: SME: Trying to authenticate with 02:00:00:00:00:00 (SSID='hwsim' freq=2437 MHz)
wlan1: Trying to associate with 02:00:00:00:00:00 (SSID='hwsim' freq=2437 MHz)
wlan1: SME: Association request to the driver failed
wlan1: Associated with 02:00:00:00:00:00
wlan1: CTRL-EVENT-CONNECTED - Connection to 02:00:00:00:00:00 completed [id=0 id_str=]
wlan1: CTRL-EVENT-SUBNET-STATUS-UPDATE status=0
wlan1: CTRL-EVENT-DISCONNECTED bssid=02:00:00:00:00:00 reason=3 locally_generated=1
wlan1: CTRL-EVENT-SCAN-FAILED ret=-16 retry=1
wlan1: SME: Trying to authenticate with 02:00:00:00:00:00 (SSID='hwsim' freq=2437 MHz)
wlan1: Trying to associate with 02:00:00:00:00:00 (SSID='hwsim' freq=2437 MHz)
wlan1: SME: Association request to the driver failed
wlan1: CTRL-EVENT-SCAN-FAILED ret=-16 retry=1
wlan1: SME: Trying to authenticate with 02:00:00:00:00:00 (SSID='hwsim' freq=2437 MHz)
wlan1: SME: Authentication request to the driver failed
wlan1: SME: Trying to authenticate with 02:00:00:00:00:00 (SSID='hwsim' freq=2437 MHz)
wlan1: Trying to associate with 02:00:00:00:00:00 (SSID='hwsim' freq=2437 MHz)
wlan1: Associated with 02:00:00:00:00:00
wlan1: CTRL-EVENT-CONNECTED - Connection to 02:00:00:00:00:00 completed [id=0 id_str=]
wlan1: CTRL-EVENT-SUBNET-STATUS-UPDATE status=0
wlan1: CTRL-EVENT-DISCONNECTED bssid=02:00:00:00:00:00 reason=3 locally_generated=1
wlan1: CTRL-EVENT-SCAN-FAILED ret=-16 retry=1
wlan1: SME: Trying to authenticate with 02:00:00:00:00:00 (SSID='hwsim' freq=2437 MHz)
wlan1: Trying to associate with 02:00:00:00:00:00 (SSID='hwsim' freq=2437 MHz)
wlan1: SME: Association request to the driver failed
wlan1: CTRL-EVENT-SCAN-FAILED ret=-16 retry=1
wlan1: SME: Trying to authenticate with 02:00:00:00:00:00 (SSID='hwsim' freq=2437 MHz)
wlan1: Trying to associate with 02:00:00:00:00:00 (SSID='hwsim' freq=2437 MHz)
wlan1: SME: Association request to the driver failed
wlan1: CTRL-EVENT-SCAN-FAILED ret=-16 retry=1
wlan1: SME: Trying to authenticate with 02:00:00:00:00:00 (SSID='hwsim' freq=2437 MHz)
wlan1: SME: Authentication request to the driver failed
wlan1: CTRL-EVENT-SSID-TEMP-DISABLED id=0 ssid="hwsim" auth_failures=1 duration=10 reason=CONN_FAILED
wlan1: CTRL-EVENT-DISCONNECTED bssid=02:00:00:00:00:00 reason=3 locally_generated=1
wlan1: CTRL-EVENT-SUBNET-STATUS-UPDATE status=0
wlan1: CTRL-EVENT-DISCONNECTED bssid=02:00:00:00:00:00 reason=3 locally_generated=1
wlan1: CTRL-EVENT-SUBNET-STATUS-UPDATE status=0
wlan1: CTRL-EVENT-SSID-REENABLED id=0 ssid="hwsim"
wlan1: SME: Trying to authenticate with 02:00:00:00:00:00 (SSID='hwsim' freq=2437 MHz)
wlan1: Trying to associate with 02:00:00:00:00:00 (SSID='hwsim' freq=2437 MHz)
wlan1: SME: Association request to the driver failed
wlan1: CTRL-EVENT-SSID-TEMP-DISABLED id=0 ssid="hwsim" auth_failures=2 duration=20 reason=CONN_FAILED
wlan1: Associated with 02:00:00:00:00:00
wlan1: CTRL-EVENT-CONNECTED - Connection to 02:00:00:00:00:00 completed [id=0 id_str=]
wlan1: CTRL-EVENT-SSID-REENABLED id=0 ssid="hwsim"
wlan1: CTRL-EVENT-SUBNET-STATUS-UPDATE status=0
wlan1: CTRL-EVENT-DISCONNECTED bssid=02:00:00:00:00:00 reason=3 locally_generated=1
wlan1: CTRL-EVENT-SCAN-FAILED ret=-16 retry=1
wlan1: SME: Trying to authenticate with 02:00:00:00:00:00 (SSID='hwsim' freq=2437 MHz)
wlan1: Trying to associate with 02:00:00:00:00:00 (SSID='hwsim' freq=2437 MHz)
wlan1: SME: Association request to the driver failed
wlan1: SME: Trying to authenticate with 02:00:00:00:00:00 (SSID='hwsim' freq=2437 MHz)
wlan1: Trying to associate with 02:00:00:00:00:00 (SSID='hwsim' freq=2437 MHz)
wlan1: SME: Association request to the driver failed
wlan1: CTRL-EVENT-SCAN-FAILED ret=-16 retry=1
wlan1: CTRL-EVENT-SCAN-FAILED ret=-16 retry=1
wlan1: SME: Trying to authenticate with 02:00:00:00:00:00 (SSID='hwsim' freq=2437 MHz)
wlan1: SME: Authentication request to the driver failed
wlan1: CTRL-EVENT-SSID-TEMP-DISABLED id=0 ssid="hwsim" auth_failures=1 duration=10 reason=CONN_FAILED
wlan1: CTRL-EVENT-DISCONNECTED bssid=02:00:00:00:00:00 reason=3 locally_generated=1
wlan1: CTRL-EVENT-SUBNET-STATUS-UPDATE status=0
wlan1: CTRL-EVENT-DISCONNECTED bssid=02:00:00:00:00:00 reason=3 locally_generated=1
wlan1: CTRL-EVENT-SUBNET-STATUS-UPDATE status=0
wlan1: CTRL-EVENT-SSID-REENABLED id=0 ssid="hwsim"
wlan1: SME: Trying to authenticate with 02:00:00:00:00:00 (SSID='hwsim' freq=2437 MHz)
wlan1: Trying to associate with 02:00:00:00:00:00 (SSID='hwsim' freq=2437 MHz)
wlan1: Associated with 02:00:00:00:00:00
wlan1: CTRL-EVENT-CONNECTED - Connection to 02:00:00:00:00:00 completed [id=0 id_str=]
wlan1: CTRL-EVENT-SUBNET-STATUS-UPDATE status=0
wlan1: CTRL-EVENT-DISCONNECTED bssid=02:00:00:00:00:00 reason=3 locally_generated=1
wlan1: CTRL-EVENT-SCAN-FAILED ret=-16 retry=1
wlan1: SME: Trying to authenticate with 02:00:00:00:00:00 (SSID='hwsim' freq=2437 MHz)
wlan1: Trying to associate with 02:00:00:00:00:00 (SSID='hwsim' freq=2437 MHz)
wlan1: SME: Association request to the driver failed
wlan1: SME: Trying to authenticate with 02:00:00:00:00:00 (SSID='hwsim' freq=2437 MHz)
wlan1: Trying to associate with 02:00:00:00:00:00 (SSID='hwsim' freq=2437 MHz)
wlan1: SME: Association request to the driver failed
wlan1: CTRL-EVENT-SCAN-FAILED ret=-16 retry=1
wlan1: SME: Trying to authenticate with 02:00:00:00:00:00 (SSID='hwsim' freq=2437 MHz)
wlan1: Trying to associate with 02:00:00:00:00:00 (SSID='hwsim' freq=2437 MHz)
wlan1: SME: Association request to the driver failed
wlan1: CTRL-EVENT-SSID-TEMP-DISABLED id=0 ssid="hwsim" auth_failures=1 duration=10 reason=CONN_FAILED
wlan1: CTRL-EVENT-SSID-REENABLED id=0 ssid="hwsim"
wlan1: SME: Trying to authenticate with 02:00:00:00:00:00 (SSID='hwsim' freq=2437 MHz)
wlan1: Trying to associate with 02:00:00:00:00:00 (SSID='hwsim' freq=2437 MHz)
wlan1: SME: Association request to the driver failed
wlan1: CTRL-EVENT-SSID-TEMP-DISABLED id=0 ssid="hwsim" auth_failures=2 duration=20 reason=CONN_FAILED
wlan1: Associated with 02:00:00:00:00:00
wlan1: CTRL-EVENT-CONNECTED - Connection to 02:00:00:00:00:00 completed [id=0 id_str=]
wlan1: CTRL-EVENT-SSID-REENABLED id=0 ssid="hwsim"
wlan1: CTRL-EVENT-SUBNET-STATUS-UPDATE status=0
wlan1: CTRL-EVENT-DISCONNECTED bssid=02:00:00:00:00:00 reason=3 locally_generated=1
wlan1: CTRL-EVENT-SCAN-FAILED ret=-16 retry=1
wlan1: SME: Trying to authenticate with 02:00:00:00:00:00 (SSID='hwsim' freq=2437 MHz)
wlan1: Trying to associate with 02:00:00:00:00:00 (SSID='hwsim' freq=2437 MHz)
wlan1: Associated with 02:00:00:00:00:00
wlan1: CTRL-EVENT-CONNECTED - Connection to 02:00:00:00:00:00 completed [id=0 id_str=]
wlan1: CTRL-EVENT-SUBNET-STATUS-UPDATE status=0
wlan1: CTRL-EVENT-DISCONNECTED bssid=02:00:00:00:00:00 reason=3 locally_generated=1
wlan1: SME: Trying to authenticate with 02:00:00:00:00:00 (SSID='hwsim' freq=2437 MHz)
wlan1: Trying to associate with 02:00:00:00:00:00 (SSID='hwsim' freq=2437 MHz)
wlan1: Associated with 02:00:00:00:00:00
wlan1: CTRL-EVENT-CONNECTED - Connection to 02:00:00:00:00:00 completed [id=0 id_str=]
wlan1: CTRL-EVENT-SUBNET-STATUS-UPDATE status=0
wlan1: CTRL-EVENT-DISCONNECTED bssid=02:00:00:00:00:00 reason=2 locally_generated=1
wlan1: SME: Trying to authenticate with 02:00:00:00:00:00 (SSID='hwsim' freq=2437 MHz)
wlan1: Trying to associate with 02:00:00:00:00:00 (SSID='hwsim' freq=2437 MHz)
wlan1: SME: Association request to the driver failed
wlan1: Associated with 02:00:00:00:00:00
wlan1: CTRL-EVENT-CONNECTED - Connection to 02:00:00:00:00:00 completed [id=0 id_str=]
wlan1: CTRL-EVENT-SUBNET-STATUS-UPDATE status=0
wlan1: CTRL-EVENT-DISCONNECTED bssid=02:00:00:00:00:00 reason=3 locally_generated=1
wlan1: SME: Trying to authenticate with 02:00:00:00:00:00 (SSID='hwsim' freq=2437 MHz)
wlan1: Trying to associate with 02:00:00:00:00:00 (SSID='hwsim' freq=2437 MHz)
wlan1: SME: Association request to the driver failed
wlan1: Associated with 02:00:00:00:00:00
wlan1: CTRL-EVENT-CONNECTED - Connection to 02:00:00:00:00:00 completed [id=0 id_str=]
wlan1: CTRL-EVENT-SUBNET-STATUS-UPDATE status=0
wlan1: CTRL-EVENT-DISCONNECTED bssid=02:00:00:00:00:00 reason=3 locally_generated=1
wlan1: SME: Trying to authenticate with 02:00:00:00:00:00 (SSID='hwsim' freq=2437 MHz)
wlan1: Trying to associate with 02:00:00:00:00:00 (SSID='hwsim' freq=2437 MHz)
wlan1: SME: Association request to the driver failed
wlan1: Associated with 02:00:00:00:00:00
wlan1: CTRL-EVENT-CONNECTED - Connection to 02:00:00:00:00:00 completed [id=0 id_str=]
wlan1: CTRL-EVENT-SUBNET-STATUS-UPDATE status=0
wlan1: CTRL-EVENT-DISCONNECTED bssid=02:00:00:00:00:00 reason=3 locally_generated=1
wlan1: SME: Trying to authenticate with 02:00:00:00:00:00 (SSID='hwsim' freq=2437 MHz)
wlan1: Trying to associate with 02:00:00:00:00:00 (SSID='hwsim' freq=2437 MHz)
wlan1: SME: Association request to the driver failed
wlan1: Associated with 02:00:00:00:00:00
wlan1: CTRL-EVENT-CONNECTED - Connection to 02:00:00:00:00:00 completed [id=0 id_str=]
wlan1: CTRL-EVENT-SUBNET-STATUS-UPDATE status=0
wlan1: CTRL-EVENT-DISCONNECTED bssid=02:00:00:00:00:00 reason=3 locally_generated=1
wlan1: CTRL-EVENT-SCAN-FAILED ret=-16 retry=1
wlan1: SME: Trying to authenticate with 02:00:00:00:00:00 (SSID='hwsim' freq=2437 MHz)
wlan1: Trying to associate with 02:00:00:00:00:00 (SSID='hwsim' freq=2437 MHz)
wlan1: SME: Association request to the driver failed
wlan1: SME: Trying to authenticate with 02:00:00:00:00:00 (SSID='hwsim' freq=2437 MHz)
wlan1: Trying to associate with 02:00:00:00:00:00 (SSID='hwsim' freq=2437 MHz)
wlan1: SME: Association request to the driver failed
wlan1: Associated with 02:00:00:00:00:00
wlan1: CTRL-EVENT-CONNECTED - Connection to 02:00:00:00:00:00 completed [id=0 id_str=]
wlan1: CTRL-EVENT-SUBNET-STATUS-UPDATE status=0
wlan1: CTRL-EVENT-DISCONNECTED bssid=02:00:00:00:00:00 reason=3 locally_generated=1
wlan1: SME: Trying to authenticate with 02:00:00:00:00:00 (SSID='hwsim' freq=2437 MHz)
wlan1: Trying to associate with 02:00:00:00:00:00 (SSID='hwsim' freq=2437 MHz)
wlan1: Associated with 02:00:00:00:00:00
wlan1: CTRL-EVENT-CONNECTED - Connection to 02:00:00:00:00:00 completed [id=0 id_str=]
wlan1: CTRL-EVENT-SUBNET-STATUS-UPDATE status=0
wlan1: CTRL-EVENT-DISCONNECTED bssid=02:00:00:00:00:00 reason=3 locally_generated=1
wlan1: CTRL-EVENT-SCAN-FAILED ret=-16 retry=1
wlan1: SME: Trying to authenticate with 02:00:00:00:00:00 (SSID='hwsim' freq=2437 MHz)
wlan1: Trying to associate with 02:00:00:00:00:00 (SSID='hwsim' freq=2437 MHz)
wlan1: SME: Association request to the driver failed
wlan1: Associated with 02:00:00:00:00:00
wlan1: CTRL-EVENT-CONNECTED - Connection to 02:00:00:00:00:00 completed [id=0 id_str=]
wlan1: CTRL-EVENT-SUBNET-STATUS-UPDATE status=0
wlan1: CTRL-EVENT-DISCONNECTED bssid=02:00:00:00:00:00 reason=3 locally_generated=1
wlan1: CTRL-EVENT-SCAN-FAILED ret=-16 retry=1
wlan1: SME: Trying to authenticate with 02:00:00:00:00:00 (SSID='hwsim' freq=2437 MHz)
wlan1: Trying to associate with 02:00:00:00:00:00 (SSID='hwsim' freq=2437 MHz)
wlan1: SME: Association request to the driver failed
wlan1: Associated with 02:00:00:00:00:00
wlan1: CTRL-EVENT-CONNECTED - Connection to 02:00:00:00:00:00 completed [id=0 id_str=]
wlan1: CTRL-EVENT-SUBNET-STATUS-UPDATE status=0
wlan1: CTRL-EVENT-DISCONNECTED bssid=02:00:00:00:00:00 reason=3 locally_generated=1
wlan1: SME: Trying to authenticate with 02:00:00:00:00:00 (SSID='hwsim' freq=2437 MHz)
wlan1: Trying to associate with 02:00:00:00:00:00 (SSID='hwsim' freq=2437 MHz)
wlan1: Associated with 02:00:00:00:00:00
wlan1: CTRL-EVENT-CONNECTED - Connection to 02:00:00:00:00:00 completed [id=0 id_str=]
wlan1: CTRL-EVENT-SUBNET-STATUS-UPDATE status=0
wlan1: CTRL-EVENT-DISCONNECTED bssid=02:00:00:00:00:00 reason=3 locally_generated=1
wlan1: SME: Trying to authenticate with 02:00:00:00:00:00 (SSID='hwsim' freq=2437 MHz)
wlan1: Trying to associate with 02:00:00:00:00:00 (SSID='hwsim' freq=2437 MHz)
wlan1: Associated with 02:00:00:00:00:00
wlan1: CTRL-EVENT-CONNECTED - Connection to 02:00:00:00:00:00 completed [id=0 id_str=]
wlan1: CTRL-EVENT-SUBNET-STATUS-UPDATE status=0
wlan1: CTRL-EVENT-DISCONNECTED bssid=02:00:00:00:00:00 reason=3 locally_generated=1
wlan1: CTRL-EVENT-SCAN-FAILED ret=-16 retry=1
wlan1: SME: Trying to authenticate with 02:00:00:00:00:00 (SSID='hwsim' freq=2437 MHz)
wlan1: Trying to associate with 02:00:00:00:00:00 (SSID='hwsim' freq=2437 MHz)
wlan1: SME: Association request to the driver failed
wlan1: SME: Trying to authenticate with 02:00:00:00:00:00 (SSID='hwsim' freq=2437 MHz)
wlan1: SME: Authentication request to the driver failed
wlan1: SME: Trying to authenticate with 02:00:00:00:00:00 (SSID='hwsim' freq=2437 MHz)
wlan1: Trying to associate with 02:00:00:00:00:00 (SSID='hwsim' freq=2437 MHz)
wlan1: Associated with 02:00:00:00:00:00
wlan1: CTRL-EVENT-CONNECTED - Connection to 02:00:00:00:00:00 completed [id=0 id_str=]
wlan1: CTRL-EVENT-SUBNET-STATUS-UPDATE status=0
wlan1: CTRL-EVENT-DISCONNECTED bssid=02:00:00:00:00:00 reason=2 locally_generated=1
wlan1: SME: Trying to authenticate with 02:00:00:00:00:00 (SSID='hwsim' freq=2437 MHz)
wlan1: Trying to associate with 02:00:00:00:00:00 (SSID='hwsim' freq=2437 MHz)
wlan1: SME: Association request to the driver failed
wlan1: SME: Trying to authenticate with 02:00:00:00:00:00 (SSID='hwsim' freq=2437 MHz)
wlan1: SME: Authentication request to the driver failed
wlan1: SME: Trying to authenticate with 02:00:00:00:00:00 (SSID='hwsim' freq=2437 MHz)
wlan1: Trying to associate with 02:00:00:00:00:00 (SSID='hwsim' freq=2437 MHz)
wlan1: Associated with 02:00:00:00:00:00
wlan1: CTRL-EVENT-CONNECTED - Connection to 02:00:00:00:00:00 completed [id=0 id_str=]
wlan1: CTRL-EVENT-SUBNET-STATUS-UPDATE status=0
wlan1: CTRL-EVENT-DISCONNECTED bssid=02:00:00:00:00:00 reason=3 locally_generated=1
wlan1: SME: Trying to authenticate with 02:00:00:00:00:00 (SSID='hwsim' freq=2437 MHz)
wlan1: Trying to associate with 02:00:00:00:00:00 (SSID='hwsim' freq=2437 MHz)
wlan1: Associated with 02:00:00:00:00:00
wlan1: CTRL-EVENT-CONNECTED - Connection to 02:00:00:00:00:00 completed [id=0 id_str=]
wlan1: CTRL-EVENT-SUBNET-STATUS-UPDATE status=0
wlan1: CTRL-EVENT-DISCONNECTED bssid=02:00:00:00:00:00 reason=3 locally_generated=1
wlan1: CTRL-EVENT-SCAN-FAILED ret=-16 retry=1
wlan1: Associated with 02:00:00:00:00:00
wlan1: CTRL-EVENT-CONNECTED - Connection to 02:00:00:00:00:00 completed [id=0 id_str=]
wlan1: CTRL-EVENT-SUBNET-STATUS-UPDATE status=0
wlan1: CTRL-EVENT-DISCONNECTED bssid=02:00:00:00:00:00 reason=3 locally_generated=1
wlan1: CTRL-EVENT-SCAN-FAILED ret=-16 retry=1
wlan1: SME: Trying to authenticate with 02:00:00:00:00:00 (SSID='hwsim' freq=2437 MHz)
wlan1: Trying to associate with 02:00:00:00:00:00 (SSID='hwsim' freq=2437 MHz)
wlan1: SME: Association request to the driver failed
wlan1: Associated with 02:00:00:00:00:00
wlan1: CTRL-EVENT-CONNECTED - Connection to 02:00:00:00:00:00 completed [id=0 id_str=]
wlan1: CTRL-EVENT-SUBNET-STATUS-UPDATE status=0
wlan1: CTRL-EVENT-DISCONNECTED bssid=02:00:00:00:00:00 reason=3 locally_generated=1
wlan1: SME: Trying to authenticate with 02:00:00:00:00:00 (SSID='hwsim' freq=2437 MHz)
wlan1: Trying to associate with 02:00:00:00:00:00 (SSID='hwsim' freq=2437 MHz)
wlan1: SME: Association request to the driver failed
wlan1: Associated with 02:00:00:00:00:00
wlan1: CTRL-EVENT-CONNECTED - Connection to 02:00:00:00:00:00 completed [id=0 id_str=]
wlan1: CTRL-EVENT-SUBNET-STATUS-UPDATE status=0
wlan1: CTRL-EVENT-DISCONNECTED bssid=02:00:00:00:00:00 reason=3 locally_generated=1
wlan1: SME: Trying to authenticate with 02:00:00:00:00:00 (SSID='hwsim' freq=2437 MHz)
wlan1: Trying to associate with 02:00:00:00:00:00 (SSID='hwsim' freq=2437 MHz)
wlan1: Associated with 02:00:00:00:00:00
wlan1: CTRL-EVENT-CONNECTED - Connection to 02:00:00:00:00:00 completed [id=0 id_str=]
wlan1: CTRL-EVENT-SUBNET-STATUS-UPDATE status=0
wlan1: CTRL-EVENT-DISCONNECTED bssid=02:00:00:00:00:00 reason=3 locally_generated=1
wlan1: CTRL-EVENT-SCAN-FAILED ret=-16 retry=1
wlan1: SME: Trying to authenticate with 02:00:00:00:00:00 (SSID='hwsim' freq=2437 MHz)
wlan1: Trying to associate with 02:00:00:00:00:00 (SSID='hwsim' freq=2437 MHz)
wlan1: SME: Association request to the driver failed
wlan1: CTRL-EVENT-SCAN-FAILED ret=-16 retry=1
wlan1: SME: Trying to authenticate with 02:00:00:00:00:00 (SSID='hwsim' freq=2437 MHz)
wlan1: Trying to associate with 02:00:00:00:00:00 (SSID='hwsim' freq=2437 MHz)
wlan1: Associated with 02:00:00:00:00:00
wlan1: CTRL-EVENT-CONNECTED - Connection to 02:00:00:00:00:00 completed [id=0 id_str=]
wlan1: CTRL-EVENT-SUBNET-STATUS-UPDATE status=0
wlan1: CTRL-EVENT-DISCONNECTED bssid=02:00:00:00:00:00 reason=3 locally_generated=1
wlan1: CTRL-EVENT-SCAN-FAILED ret=-16 retry=1
wlan1: CTRL-EVENT-SCAN-FAILED ret=-16 retry=1
wlan1: SME: Trying to authenticate with 02:00:00:00:00:00 (SSID='hwsim' freq=2437 MHz)
wlan1: Trying to associate with 02:00:00:00:00:00 (SSID='hwsim' freq=2437 MHz)
wlan1: Associated with 02:00:00:00:00:00
wlan1: CTRL-EVENT-CONNECTED - Connection to 02:00:00:00:00:00 completed [id=0 id_str=]
wlan1: CTRL-EVENT-SUBNET-STATUS-UPDATE status=0
wlan1: CTRL-EVENT-DISCONNECTED bssid=02:00:00:00:00:00 reason=3 locally_generated=1
wlan1: SME: Trying to authenticate with 02:00:00:00:00:00 (SSID='hwsim' freq=2437 MHz)
wlan1: Trying to associate with 02:00:00:00:00:00 (SSID='hwsim' freq=2437 MHz)
wlan1: SME: Association request to the driver failed
wlan1: Associated with 02:00:00:00:00:00
wlan1: CTRL-EVENT-CONNECTED - Connection to 02:00:00:00:00:00 completed [id=0 id_str=]
wlan1: CTRL-EVENT-SUBNET-STATUS-UPDATE status=0
wlan1: CTRL-EVENT-DISCONNECTED bssid=02:00:00:00:00:00 reason=3 locally_generated=1
wlan1: CTRL-EVENT-SCAN-FAILED ret=-16 retry=1
wlan1: SME: Trying to authenticate with 02:00:00:00:00:00 (SSID='hwsim' freq=2437 MHz)
wlan1: Trying to associate with 02:00:00:00:00:00 (SSID='hwsim' freq=2437 MHz)
wlan1: SME: Association request to the driver failed
wlan1: SME: Trying to authenticate with 02:00:00:00:00:00 (SSID='hwsim' freq=2437 MHz)
wlan1: Trying to associate with 02:00:00:00:00:00 (SSID='hwsim' freq=2437 MHz)
wlan1: Associated with 02:00:00:00:00:00
wlan1: CTRL-EVENT-CONNECTED - Connection to 02:00:00:00:00:00 completed [id=0 id_str=]
wlan1: CTRL-EVENT-SUBNET-STATUS-UPDATE status=0
wlan1: CTRL-EVENT-DISCONNECTED bssid=02:00:00:00:00:00 reason=3 locally_generated=1
wlan1: SME: Trying to authenticate with 02:00:00:00:00:00 (SSID='hwsim' freq=2437 MHz)
wlan1: Trying to associate with 02:00:00:00:00:00 (SSID='hwsim' freq=2437 MHz)
wlan1: Associated with 02:00:00:00:00:00
wlan1: CTRL-EVENT-CONNECTED - Connection to 02:00:00:00:00:00 completed [id=0 id_str=]
wlan1: CTRL-EVENT-SUBNET-STATUS-UPDATE status=0
wlan1: CTRL-EVENT-DISCONNECTED bssid=02:00:00:00:00:00 reason=3 locally_generated=1
wlan1: SME: Trying to authenticate with 02:00:00:00:00:00 (SSID='hwsim' freq=2437 MHz)
wlan1: Trying to associate with 02:00:00:00:00:00 (SSID='hwsim' freq=2437 MHz)
wlan1: SME: Association request to the driver failed
wlan1: Associated with 02:00:00:00:00:00
wlan1: CTRL-EVENT-CONNECTED - Connection to 02:00:00:00:00:00 completed [id=0 id_str=]
wlan1: CTRL-EVENT-SUBNET-STATUS-UPDATE status=0
wlan1: CTRL-EVENT-DISCONNECTED bssid=02:00:00:00:00:00 reason=3 locally_generated=1
wlan1: CTRL-EVENT-SCAN-FAILED ret=-16 retry=1
wlan1: SME: Trying to authenticate with 02:00:00:00:00:00 (SSID='hwsim' freq=2437 MHz)
wlan1: Trying to associate with 02:00:00:00:00:00 (SSID='hwsim' freq=2437 MHz)
wlan1: SME: Association request to the driver failed
wlan1: CTRL-EVENT-SCAN-FAILED ret=-16 retry=1
wlan1: SME: Trying to authenticate with 02:00:00:00:00:00 (SSID='hwsim' freq=2437 MHz)
wlan1: Trying to associate with 02:00:00:00:00:00 (SSID='hwsim' freq=2437 MHz)
wlan1: SME: Association request to the driver failed
wlan1: Associated with 02:00:00:00:00:00
wlan1: CTRL-EVENT-CONNECTED - Connection to 02:00:00:00:00:00 completed [id=0 id_str=]
wlan1: CTRL-EVENT-SUBNET-STATUS-UPDATE status=0
wlan1: CTRL-EVENT-DISCONNECTED bssid=02:00:00:00:00:00 reason=3 locally_generated=1
wlan1: SME: Trying to authenticate with 02:00:00:00:00:00 (SSID='hwsim' freq=2437 MHz)
wlan1: Trying to associate with 02:00:00:00:00:00 (SSID='hwsim' freq=2437 MHz)
wlan1: SME: Association request to the driver failed
wlan1: CTRL-EVENT-SCAN-FAILED ret=-16 retry=1
wlan1: SME: Trying to authenticate with 02:00:00:00:00:00 (SSID='hwsim' freq=2437 MHz)
wlan1: SME: Authentication request to the driver failed
wlan1: Associated with 02:00:00:00:00:00
wlan1: CTRL-EVENT-CONNECTED - Connection to 02:00:00:00:00:00 completed [id=0 id_str=]
wlan1: CTRL-EVENT-SUBNET-STATUS-UPDATE status=0
wlan1: CTRL-EVENT-DISCONNECTED bssid=02:00:00:00:00:00 reason=3 locally_generated=1
wlan1: SME: Trying to authenticate with 02:00:00:00:00:00 (SSID='hwsim' freq=2437 MHz)
wlan1: Trying to associate with 02:00:00:00:00:00 (SSID='hwsim' freq=2437 MHz)
wlan1: SME: Association request to the driver failed
wlan1: Associated with 02:00:00:00:00:00
wlan1: CTRL-EVENT-CONNECTED - Connection to 02:00:00:00:00:00 completed [id=0 id_str=]
wlan1: CTRL-EVENT-SUBNET-STATUS-UPDATE status=0
wlan1: CTRL-EVENT-DISCONNECTED bssid=02:00:00:00:00:00 reason=3 locally_generated=1
wlan1: SME: Trying to authenticate with 02:00:00:00:00:00 (SSID='hwsim' freq=2437 MHz)
wlan1: Trying to associate with 02:00:00:00:00:00 (SSID='hwsim' freq=2437 MHz)
wlan1: SME: Association request to the driver failed
wlan1: Associated with 02:00:00:00:00:00
wlan1: CTRL-EVENT-CONNECTED - Connection to 02:00:00:00:00:00 completed [id=0 id_str=]
wlan1: CTRL-EVENT-SUBNET-STATUS-UPDATE status=0
wlan1: CTRL-EVENT-DISCONNECTED bssid=02:00:00:00:00:00 reason=3 locally_generated=1
wlan1: CTRL-EVENT-SCAN-FAILED ret=-16 retry=1
wlan1: SME: Trying to authenticate with 02:00:00:00:00:00 (SSID='hwsim' freq=2437 MHz)
wlan1: Trying to associate with 02:00:00:00:00:00 (SSID='hwsim' freq=2437 MHz)
wlan1: SME: Association request to the driver failed
wlan1: CTRL-EVENT-SCAN-FAILED ret=-16 retry=1
wlan1: SME: Trying to authenticate with 02:00:00:00:00:00 (SSID='hwsim' freq=2437 MHz)
wlan1: SME: Authentication request to the driver failed
wlan1: SME: Trying to authenticate with 02:00:00:00:00:00 (SSID='hwsim' freq=2437 MHz)
wlan1: Trying to associate with 02:00:00:00:00:00 (SSID='hwsim' freq=2437 MHz)
wlan1: Associated with 02:00:00:00:00:00
wlan1: CTRL-EVENT-CONNECTED - Connection to 02:00:00:00:00:00 completed [id=0 id_str=]
wlan1: CTRL-EVENT-SUBNET-STATUS-UPDATE status=0
wlan1: CTRL-EVENT-DISCONNECTED bssid=02:00:00:00:00:00 reason=3 locally_generated=1
wlan1: CTRL-EVENT-SCAN-FAILED ret=-16 retry=1
wlan1: SME: Trying to authenticate with 02:00:00:00:00:00 (SSID='hwsim' freq=2437 MHz)
wlan1: Trying to associate with 02:00:00:00:00:00 (SSID='hwsim' freq=2437 MHz)
wlan1: Associated with 02:00:00:00:00:00
wlan1: CTRL-EVENT-CONNECTED - Connection to 02:00:00:00:00:00 completed [id=0 id_str=]
wlan1: CTRL-EVENT-SUBNET-STATUS-UPDATE status=0
wlan1: CTRL-EVENT-DISCONNECTED bssid=02:00:00:00:00:00 reason=3 locally_generated=1
wlan1: CTRL-EVENT-SCAN-FAILED ret=-16 retry=1
wlan1: CTRL-EVENT-SCAN-FAILED ret=-16 retry=1
wlan1: SME: Trying to authenticate with 02:00:00:00:00:00 (SSID='hwsim' freq=2437 MHz)
wlan1: Trying to associate with 02:00:00:00:00:00 (SSID='hwsim' freq=2437 MHz)
wlan1: SME: Association request to the driver failed
wlan1: SME: Trying to authenticate with 02:00:00:00:00:00 (SSID='hwsim' freq=2437 MHz)
wlan1: Trying to associate with 02:00:00:00:00:00 (SSID='hwsim' freq=2437 MHz)
wlan1: Associated with 02:00:00:00:00:00
wlan1: CTRL-EVENT-CONNECTED - Connection to 02:00:00:00:00:00 completed [id=0 id_str=]
wlan1: CTRL-EVENT-SUBNET-STATUS-UPDATE status=0
wlan1: CTRL-EVENT-DISCONNECTED bssid=02:00:00:00:00:00 reason=3 locally_generated=1
wlan1: SME: Trying to authenticate with 02:00:00:00:00:00 (SSID='hwsim' freq=2437 MHz)
wlan1: Trying to associate with 02:00:00:00:00:00 (SSID='hwsim' freq=2437 MHz)
wlan1: SME: Association request to the driver failed
wlan1: SME: Trying to authenticate with 02:00:00:00:00:00 (SSID='hwsim' freq=2437 MHz)
wlan1: Trying to associate with 02:00:00:00:00:00 (SSID='hwsim' freq=2437 MHz)
wlan1: Associated with 02:00:00:00:00:00
wlan1: CTRL-EVENT-CONNECTED - Connection to 02:00:00:00:00:00 completed [id=0 id_str=]
wlan1: CTRL-EVENT-SUBNET-STATUS-UPDATE status=0
wlan1: CTRL-EVENT-DISCONNECTED bssid=02:00:00:00:00:00 reason=3 locally_generated=1
wlan1: SME: Trying to authenticate with 02:00:00:00:00:00 (SSID='hwsim' freq=2437 MHz)
wlan1: Trying to associate with 02:00:00:00:00:00 (SSID='hwsim' freq=2437 MHz)
wlan1: Associated with 02:00:00:00:00:00
wlan1: CTRL-EVENT-CONNECTED - Connection to 02:00:00:00:00:00 completed [id=0 id_str=]
wlan1: CTRL-EVENT-SUBNET-STATUS-UPDATE status=0
wlan1: CTRL-EVENT-DISCONNECTED bssid=02:00:00:00:00:00 reason=3 locally_generated=1
wlan1: CTRL-EVENT-SCAN-FAILED ret=-16 retry=1
wlan1: SME: Trying to authenticate with 02:00:00:00:00:00 (SSID='hwsim' freq=2437 MHz)
wlan1: Trying to associate with 02:00:00:00:00:00 (SSID='hwsim' freq=2437 MHz)
wlan1: SME: Association request to the driver failed
wlan1: SME: Trying to authenticate with 02:00:00:00:00:00 (SSID='hwsim' freq=2437 MHz)
wlan1: Trying to associate with 02:00:00:00:00:00 (SSID='hwsim' freq=2437 MHz)
wlan1: SME: Association request to the driver failed
wlan1: Associated with 02:00:00:00:00:00
wlan1: CTRL-EVENT-CONNECTED - Connection to 02:00:00:00:00:00 completed [id=0 id_str=]
wlan1: CTRL-EVENT-SUBNET-STATUS-UPDATE status=0
wlan1: CTRL-EVENT-DISCONNECTED bssid=02:00:00:00:00:00 reason=3 locally_generated=1
wlan1: CTRL-EVENT-SCAN-FAILED ret=-16 retry=1
wlan1: SME: Trying to authenticate with 02:00:00:00:00:00 (SSID='hwsim' freq=2437 MHz)
wlan1: Trying to associate with 02:00:00:00:00:00 (SSID='hwsim' freq=2437 MHz)
wlan1: Associated with 02:00:00:00:00:00
wlan1: CTRL-EVENT-CONNECTED - Connection to 02:00:00:00:00:00 completed [id=0 id_str=]
wlan1: CTRL-EVENT-SUBNET-STATUS-UPDATE status=0
wlan1: CTRL-EVENT-DISCONNECTED bssid=02:00:00:00:00:00 reason=3 locally_generated=1
wlan1: CTRL-EVENT-SCAN-FAILED ret=-16 retry=1
wlan1: SME: Trying to authenticate with 02:00:00:00:00:00 (SSID='hwsim' freq=2437 MHz)
wlan1: Trying to associate with 02:00:00:00:00:00 (SSID='hwsim' freq=2437 MHz)
wlan1: Associated with 02:00:00:00:00:00
wlan1: CTRL-EVENT-CONNECTED - Connection to 02:00:00:00:00:00 completed [id=0 id_str=]
wlan1: CTRL-EVENT-SUBNET-STATUS-UPDATE status=0
wlan1: CTRL-EVENT-DISCONNECTED bssid=02:00:00:00:00:00 reason=3 locally_generated=1
wlan1: CTRL-EVENT-SCAN-FAILED ret=-16 retry=1
wlan1: SME: Trying to authenticate with 02:00:00:00:00:00 (SSID='hwsim' freq=2437 MHz)
wlan1: SME: Authentication request to the driver failed
wlan1: Associated with 02:00:00:00:00:00
wlan1: CTRL-EVENT-CONNECTED - Connection to 02:00:00:00:00:00 completed [id=0 id_str=]
wlan1: CTRL-EVENT-SUBNET-STATUS-UPDATE status=0
wlan1: CTRL-EVENT-DISCONNECTED bssid=02:00:00:00:00:00 reason=3 locally_generated=1
wlan1: SME: Trying to authenticate with 02:00:00:00:00:00 (SSID='hwsim' freq=2437 MHz)
wlan1: Trying to associate with 02:00:00:00:00:00 (SSID='hwsim' freq=2437 MHz)
wlan1: SME: Association request to the driver failed
wlan1: CTRL-EVENT-SCAN-FAILED ret=-16 retry=1
wlan1: SME: Trying to authenticate with 02:00:00:00:00:00 (SSID='hwsim' freq=2437 MHz)
wlan1: Trying to associate with 02:00:00:00:00:00 (SSID='hwsim' freq=2437 MHz)
wlan1: SME: Association request to the driver failed
wlan1: CTRL-EVENT-SCAN-FAILED ret=-16 retry=1
wlan1: SME: Trying to authenticate with 02:00:00:00:00:00 (SSID='hwsim' freq=2437 MHz)
wlan1: Trying to associate with 02:00:00:00:00:00 (SSID='hwsim' freq=2437 MHz)
wlan1: Associated with 02:00:00:00:00:00
wlan1: CTRL-EVENT-CONNECTED - Connection to 02:00:00:00:00:00 completed [id=0 id_str=]
wlan1: CTRL-EVENT-SUBNET-STATUS-UPDATE status=0
wlan1: CTRL-EVENT-DISCONNECTED bssid=02:00:00:00:00:00 reason=3 locally_generated=1
wlan1: SME: Trying to authenticate with 02:00:00:00:00:00 (SSID='hwsim' freq=2437 MHz)
wlan1: Trying to associate with 02:00:00:00:00:00 (SSID='hwsim' freq=2437 MHz)
wlan1: SME: Association request to the driver failed
wlan1: CTRL-EVENT-SCAN-FAILED ret=-16 retry=1
wlan1: SME: Trying to authenticate with 02:00:00:00:00:00 (SSID='hwsim' freq=2437 MHz)
wlan1: SME: Authentication request to the driver failed
wlan1: Associated with 02:00:00:00:00:00
wlan1: CTRL-EVENT-CONNECTED - Connection to 02:00:00:00:00:00 completed [id=0 id_str=]
wlan1: CTRL-EVENT-SUBNET-STATUS-UPDATE status=0
wlan1: CTRL-EVENT-DISCONNECTED bssid=02:00:00:00:00:00 reason=3 locally_generated=1
wlan1: CTRL-EVENT-SCAN-FAILED ret=-16 retry=1
wlan1: SME: Trying to authenticate with 02:00:00:00:00:00 (SSID='hwsim' freq=2437 MHz)
wlan1: Trying to associate with 02:00:00:00:00:00 (SSID='hwsim' freq=2437 MHz)
wlan1: SME: Association request to the driver failed
wlan1: CTRL-EVENT-SCAN-FAILED ret=-16 retry=1
wlan1: SME: Trying to authenticate with 02:00:00:00:00:00 (SSID='hwsim' freq=2437 MHz)
wlan1: SME: Authentication request to the driver failed
wlan1: SME: Trying to authenticate with 02:00:00:00:00:00 (SSID='hwsim' freq=2437 MHz)
wlan1: Trying to associate with 02:00:00:00:00:00 (SSID='hwsim' freq=2437 MHz)
wlan1: Associated with 02:00:00:00:00:00
wlan1: CTRL-EVENT-CONNECTED - Connection to 02:00:00:00:00:00 completed [id=0 id_str=]
wlan1: CTRL-EVENT-SUBNET-STATUS-UPDATE status=0
wlan1: CTRL-EVENT-DISCONNECTED bssid=02:00:00:00:00:00 reason=3 locally_generated=1
wlan1: SME: Trying to authenticate with 02:00:00:00:00:00 (SSID='hwsim' freq=2437 MHz)
wlan1: Trying to associate with 02:00:00:00:00:00 (SSID='hwsim' freq=2437 MHz)
wlan1: Associated with 02:00:00:00:00:00
wlan1: CTRL-EVENT-CONNECTED - Connection to 02:00:00:00:00:00 completed [id=0 id_str=]
wlan1: CTRL-EVENT-SUBNET-STATUS-UPDATE status=0
wlan1: CTRL-EVENT-DISCONNECTED bssid=02:00:00:00:00:00 reason=3 locally_generated=1
wlan1: SME: Trying to authenticate with 02:00:00:00:00:00 (SSID='hwsim' freq=2437 MHz)
wlan1: Trying to associate with 02:00:00:00:00:00 (SSID='hwsim' freq=2437 MHz)
wlan1: SME: Association request to the driver failed
wlan1: CTRL-EVENT-SCAN-FAILED ret=-16 retry=1
wlan1: SME: Trying to authenticate with 02:00:00:00:00:00 (SSID='hwsim' freq=2437 MHz)
wlan1: SME: Authentication request to the driver failed
wlan1: Associated with 02:00:00:00:00:00
wlan1: CTRL-EVENT-CONNECTED - Connection to 02:00:00:00:00:00 completed [id=0 id_str=]
wlan1: CTRL-EVENT-SUBNET-STATUS-UPDATE status=0
wlan1: CTRL-EVENT-DISCONNECTED bssid=02:00:00:00:00:00 reason=2 locally_generated=1
wlan1: Reject scan trigger since one is already pending
wlan1: Failed to initiate AP scan
wlan1: Reject scan trigger since one is already pending
wlan1: Failed to initiate AP scan
wlan1: Reject scan trigger since one is already pending
wlan1: Failed to initiate AP scan
wlan1: SME: Trying to authenticate with 02:00:00:00:00:00 (SSID='hwsim' freq=2437 MHz)
wlan1: Trying to associate with 02:00:00:00:00:00 (SSID='hwsim' freq=2437 MHz)
wlan1: Associated with 02:00:00:00:00:00
wlan1: CTRL-EVENT-CONNECTED - Connection to 02:00:00:00:00:00 completed [id=0 id_str=]
wlan1: CTRL-EVENT-SUBNET-STATUS-UPDATE status=0
wlan1: CTRL-EVENT-DISCONNECTED bssid=02:00:00:00:00:00 reason=3 locally_generated=1
wlan1: CTRL-EVENT-SCAN-FAILED ret=-16 retry=1
wlan1: CTRL-EVENT-SCAN-FAILED ret=-16 retry=1
wlan1: SME: Trying to authenticate with 02:00:00:00:00:00 (SSID='hwsim' freq=2437 MHz)
wlan1: Trying to associate with 02:00:00:00:00:00 (SSID='hwsim' freq=2437 MHz)
wlan1: SME: Association request to the driver failed
wlan1: CTRL-EVENT-SCAN-FAILED ret=-16 retry=1
wlan1: SME: Trying to authenticate with 02:00:00:00:00:00 (SSID='hwsim' freq=2437 MHz)
wlan1: Trying to associate with 02:00:00:00:00:00 (SSID='hwsim' freq=2437 MHz)
wlan1: Associated with 02:00:00:00:00:00
wlan1: CTRL-EVENT-CONNECTED - Connection to 02:00:00:00:00:00 completed [id=0 id_str=]
wlan1: CTRL-EVENT-SUBNET-STATUS-UPDATE status=0
wlan1: CTRL-EVENT-DISCONNECTED bssid=02:00:00:00:00:00 reason=3 locally_generated=1
wlan1: SME: Trying to authenticate with 02:00:00:00:00:00 (SSID='hwsim' freq=2437 MHz)
wlan1: Trying to associate with 02:00:00:00:00:00 (SSID='hwsim' freq=2437 MHz)
wlan1: SME: Association request to the driver failed
wlan1: Associated with 02:00:00:00:00:00
wlan1: CTRL-EVENT-CONNECTED - Connection to 02:00:00:00:00:00 completed [id=0 id_str=]
wlan1: CTRL-EVENT-SUBNET-STATUS-UPDATE status=0
wlan1: CTRL-EVENT-DISCONNECTED bssid=02:00:00:00:00:00 reason=3 locally_generated=1
wlan1: SME: Trying to authenticate with 02:00:00:00:00:00 (SSID='hwsim' freq=2437 MHz)
wlan1: Trying to associate with 02:00:00:00:00:00 (SSID='hwsim' freq=2437 MHz)
wlan1: Associated with 02:00:00:00:00:00
wlan1: CTRL-EVENT-CONNECTED - Connection to 02:00:00:00:00:00 completed [id=0 id_str=]
wlan1: CTRL-EVENT-SUBNET-STATUS-UPDATE status=0
wlan1: CTRL-EVENT-DISCONNECTED bssid=02:00:00:00:00:00 reason=3 locally_generated=1
wlan1: SME: Trying to authenticate with 02:00:00:00:00:00 (SSID='hwsim' freq=2437 MHz)
wlan1: Trying to associate with 02:00:00:00:00:00 (SSID='hwsim' freq=2437 MHz)
wlan1: SME: Association request to the driver failed
wlan1: Associated with 02:00:00:00:00:00
wlan1: CTRL-EVENT-CONNECTED - Connection to 02:00:00:00:00:00 completed [id=0 id_str=]
wlan1: CTRL-EVENT-SUBNET-STATUS-UPDATE status=0
wlan1: CTRL-EVENT-DISCONNECTED bssid=02:00:00:00:00:00 reason=3 locally_generated=1
wlan1: SME: Trying to authenticate with 02:00:00:00:00:00 (SSID='hwsim' freq=2437 MHz)
wlan1: Trying to associate with 02:00:00:00:00:00 (SSID='hwsim' freq=2437 MHz)
wlan1: Associated with 02:00:00:00:00:00
wlan1: CTRL-EVENT-CONNECTED - Connection to 02:00:00:00:00:00 completed [id=0 id_str=]
wlan1: CTRL-EVENT-SUBNET-STATUS-UPDATE status=0
wlan1: CTRL-EVENT-DISCONNECTED bssid=02:00:00:00:00:00 reason=3 locally_generated=1
wlan1: SME: Trying to authenticate with 02:00:00:00:00:00 (SSID='hwsim' freq=2437 MHz)
wlan1: Trying to associate with 02:00:00:00:00:00 (SSID='hwsim' freq=2437 MHz)
wlan1: SME: Association request to the driver failed
wlan1: SME: Trying to authenticate with 02:00:00:00:00:00 (SSID='hwsim' freq=2437 MHz)
wlan1: Trying to associate with 02:00:00:00:00:00 (SSID='hwsim' freq=2437 MHz)
wlan1: SME: Association request to the driver failed
wlan1: SME: Trying to authenticate with 02:00:00:00:00:00 (SSID='hwsim' freq=2437 MHz)
wlan1: Trying to associate with 02:00:00:00:00:00 (SSID='hwsim' freq=2437 MHz)
wlan1: SME: Association request to the driver failed
wlan1: CTRL-EVENT-SSID-TEMP-DISABLED id=0 ssid="hwsim" auth_failures=1 duration=10 reason=CONN_FAILED
wlan1: Associated with 02:00:00:00:00:00
wlan1: CTRL-EVENT-CONNECTED - Connection to 02:00:00:00:00:00 completed [id=0 id_str=]
wlan1: CTRL-EVENT-SSID-REENABLED id=0 ssid="hwsim"
wlan1: CTRL-EVENT-SUBNET-STATUS-UPDATE status=0
wlan1: CTRL-EVENT-DISCONNECTED bssid=02:00:00:00:00:00 reason=3 locally_generated=1
wlan1: CTRL-EVENT-SCAN-FAILED ret=-16 retry=1
wlan1: SME: Trying to authenticate with 02:00:00:00:00:00 (SSID='hwsim' freq=2437 MHz)
wlan1: Trying to associate with 02:00:00:00:00:00 (SSID='hwsim' freq=2437 MHz)
wlan1: Associated with 02:00:00:00:00:00
wlan1: CTRL-EVENT-CONNECTED - Connection to 02:00:00:00:00:00 completed [id=0 id_str=]
wlan1: CTRL-EVENT-SUBNET-STATUS-UPDATE status=0
wlan1: CTRL-EVENT-DISCONNECTED bssid=02:00:00:00:00:00 reason=3 locally_generated=1
wlan1: CTRL-EVENT-SCAN-FAILED ret=-16 retry=1
wlan1: SME: Trying to authenticate with 02:00:00:00:00:00 (SSID='hwsim' freq=2437 MHz)
wlan1: Trying to associate with 02:00:00:00:00:00 (SSID='hwsim' freq=2437 MHz)
wlan1: SME: Association request to the driver failed
wlan1: CTRL-EVENT-SCAN-FAILED ret=-16 retry=1
wlan1: SME: Trying to authenticate with 02:00:00:00:00:00 (SSID='hwsim' freq=2437 MHz)
wlan1: Trying to associate with 02:00:00:00:00:00 (SSID='hwsim' freq=2437 MHz)
wlan1: Associated with 02:00:00:00:00:00
wlan1: CTRL-EVENT-CONNECTED - Connection to 02:00:00:00:00:00 completed [id=0 id_str=]
wlan1: CTRL-EVENT-SUBNET-STATUS-UPDATE status=0
wlan1: CTRL-EVENT-DISCONNECTED bssid=02:00:00:00:00:00 reason=3 locally_generated=1
wlan1: CTRL-EVENT-SCAN-FAILED ret=-16 retry=1
wlan1: SME: Trying to authenticate with 02:00:00:00:00:00 (SSID='hwsim' freq=2437 MHz)
wlan1: Trying to associate with 02:00:00:00:00:00 (SSID='hwsim' freq=2437 MHz)
wlan1: SME: Association request to the driver failed
wlan1: SME: Trying to authenticate with 02:00:00:00:00:00 (SSID='hwsim' freq=2437 MHz)
wlan1: Trying to associate with 02:00:00:00:00:00 (SSID='hwsim' freq=2437 MHz)
wlan1: SME: Association request to the driver failed
wlan1: SME: Trying to authenticate with 02:00:00:00:00:00 (SSID='hwsim' freq=2437 MHz)
wlan1: Trying to associate with 02:00:00:00:00:00 (SSID='hwsim' freq=2437 MHz)
wlan1: SME: Association request to the driver failed
wlan1: CTRL-EVENT-SSID-TEMP-DISABLED id=0 ssid="hwsim" auth_failures=1 duration=10 reason=CONN_FAILED
wlan1: Associated with 02:00:00:00:00:00
wlan1: CTRL-EVENT-CONNECTED - Connection to 02:00:00:00:00:00 completed [id=0 id_str=]
wlan1: CTRL-EVENT-SSID-REENABLED id=0 ssid="hwsim"
wlan1: CTRL-EVENT-SUBNET-STATUS-UPDATE status=0
wlan1: CTRL-EVENT-DISCONNECTED bssid=02:00:00:00:00:00 reason=2 locally_generated=1
wlan1: SME: Trying to authenticate with 02:00:00:00:00:00 (SSID='hwsim' freq=2437 MHz)
wlan1: Trying to associate with 02:00:00:00:00:00 (SSID='hwsim' freq=2437 MHz)
wlan1: Associated with 02:00:00:00:00:00
wlan1: CTRL-EVENT-CONNECTED - Connection to 02:00:00:00:00:00 completed [id=0 id_str=]
wlan1: CTRL-EVENT-SUBNET-STATUS-UPDATE status=0
wlan1: CTRL-EVENT-DISCONNECTED bssid=02:00:00:00:00:00 reason=3 locally_generated=1
wlan1: CTRL-EVENT-SCAN-FAILED ret=-16 retry=1
wlan1: CTRL-EVENT-SCAN-FAILED ret=-16 retry=1
wlan1: SME: Trying to authenticate with 02:00:00:00:00:00 (SSID='hwsim' freq=2437 MHz)
wlan1: Trying to associate with 02:00:00:00:00:00 (SSID='hwsim' freq=2437 MHz)
wlan1: SME: Association request to the driver failed
wlan1: SME: Trying to authenticate with 02:00:00:00:00:00 (SSID='hwsim' freq=2437 MHz)
wlan1: Trying to associate with 02:00:00:00:00:00 (SSID='hwsim' freq=2437 MHz)
wlan1: SME: Association request to the driver failed
wlan1: Associated with 02:00:00:00:00:00
wlan1: CTRL-EVENT-CONNECTED - Connection to 02:00:00:00:00:00 completed [id=0 id_str=]
wlan1: CTRL-EVENT-SUBNET-STATUS-UPDATE status=0
wlan1: CTRL-EVENT-DISCONNECTED bssid=02:00:00:00:00:00 reason=3 locally_generated=1
wlan1: SME: Trying to authenticate with 02:00:00:00:00:00 (SSID='hwsim' freq=2437 MHz)
wlan1: Trying to associate with 02:00:00:00:00:00 (SSID='hwsim' freq=2437 MHz)
wlan1: Associated with 02:00:00:00:00:00
wlan1: CTRL-EVENT-CONNECTED - Connection to 02:00:00:00:00:00 completed [id=0 id_str=]
wlan1: CTRL-EVENT-SUBNET-STATUS-UPDATE status=0
wlan1: CTRL-EVENT-DISCONNECTED bssid=02:00:00:00:00:00 reason=3 locally_generated=1
wlan1: SME: Trying to authenticate with 02:00:00:00:00:00 (SSID='hwsim' freq=2437 MHz)
wlan1: Trying to associate with 02:00:00:00:00:00 (SSID='hwsim' freq=2437 MHz)
wlan1: Associated with 02:00:00:00:00:00
wlan1: CTRL-EVENT-CONNECTED - Connection to 02:00:00:00:00:00 completed [id=0 id_str=]
wlan1: CTRL-EVENT-SUBNET-STATUS-UPDATE status=0
wlan1: CTRL-EVENT-DISCONNECTED bssid=02:00:00:00:00:00 reason=3 locally_generated=1
wlan1: CTRL-EVENT-SCAN-FAILED ret=-16 retry=1
wlan1: SME: Trying to authenticate with 02:00:00:00:00:00 (SSID='hwsim' freq=2437 MHz)
wlan1: Trying to associate with 02:00:00:00:00:00 (SSID='hwsim' freq=2437 MHz)
wlan1: SME: Association request to the driver failed
wlan1: SME: Trying to authenticate with 02:00:00:00:00:00 (SSID='hwsim' freq=2437 MHz)
wlan1: Trying to associate with 02:00:00:00:00:00 (SSID='hwsim' freq=2437 MHz)
wlan1: Associated with 02:00:00:00:00:00
wlan1: CTRL-EVENT-CONNECTED - Connection to 02:00:00:00:00:00 completed [id=0 id_str=]
wlan1: CTRL-EVENT-SUBNET-STATUS-UPDATE status=0
wlan1: CTRL-EVENT-DISCONNECTED bssid=02:00:00:00:00:00 reason=3 locally_generated=1
wlan1: SME: Trying to authenticate with 02:00:00:00:00:00 (SSID='hwsim' freq=2437 MHz)
wlan1: Trying to associate with 02:00:00:00:00:00 (SSID='hwsim' freq=2437 MHz)
wlan1: Associated with 02:00:00:00:00:00
wlan1: CTRL-EVENT-CONNECTED - Connection to 02:00:00:00:00:00 completed [id=0 id_str=]
wlan1: CTRL-EVENT-SUBNET-STATUS-UPDATE status=0
wlan1: CTRL-EVENT-DISCONNECTED bssid=02:00:00:00:00:00 reason=3 locally_generated=1
wlan1: SME: Trying to authenticate with 02:00:00:00:00:00 (SSID='hwsim' freq=2437 MHz)
wlan1: Trying to associate with 02:00:00:00:00:00 (SSID='hwsim' freq=2437 MHz)
wlan1: Associated with 02:00:00:00:00:00
wlan1: CTRL-EVENT-CONNECTED - Connection to 02:00:00:00:00:00 completed [id=0 id_str=]
wlan1: CTRL-EVENT-SUBNET-STATUS-UPDATE status=0
wlan1: CTRL-EVENT-DISCONNECTED bssid=02:00:00:00:00:00 reason=3 locally_generated=1
wlan1: SME: Trying to authenticate with 02:00:00:00:00:00 (SSID='hwsim' freq=2437 MHz)
wlan1: Trying to associate with 02:00:00:00:00:00 (SSID='hwsim' freq=2437 MHz)
wlan1: Associated with 02:00:00:00:00:00
wlan1: CTRL-EVENT-CONNECTED - Connection to 02:00:00:00:00:00 completed [id=0 id_str=]
wlan1: CTRL-EVENT-SUBNET-STATUS-UPDATE status=0
wlan1: CTRL-EVENT-DISCONNECTED bssid=02:00:00:00:00:00 reason=3 locally_generated=1
wlan1: CTRL-EVENT-SCAN-FAILED ret=-16 retry=1
wlan1: SME: Trying to authenticate with 02:00:00:00:00:00 (SSID='hwsim' freq=2437 MHz)
wlan1: Trying to associate with 02:00:00:00:00:00 (SSID='hwsim' freq=2437 MHz)
wlan1: SME: Association request to the driver failed
wlan1: Associated with 02:00:00:00:00:00
wlan1: CTRL-EVENT-CONNECTED - Connection to 02:00:00:00:00:00 completed [id=0 id_str=]
wlan1: CTRL-EVENT-SUBNET-STATUS-UPDATE status=0
wlan1: CTRL-EVENT-DISCONNECTED bssid=02:00:00:00:00:00 reason=3 locally_generated=1
wlan1: CTRL-EVENT-SCAN-FAILED ret=-16 retry=1
wlan1: CTRL-EVENT-SCAN-FAILED ret=-16 retry=1
wlan1: SME: Trying to authenticate with 02:00:00:00:00:00 (SSID='hwsim' freq=2437 MHz)
wlan1: Trying to associate with 02:00:00:00:00:00 (SSID='hwsim' freq=2437 MHz)
wlan1: Associated with 02:00:00:00:00:00
wlan1: CTRL-EVENT-CONNECTED - Connection to 02:00:00:00:00:00 completed [id=0 id_str=]
wlan1: CTRL-EVENT-SUBNET-STATUS-UPDATE status=0
wlan1: CTRL-EVENT-DISCONNECTED bssid=02:00:00:00:00:00 reason=3 locally_generated=1
wlan1: SME: Trying to authenticate with 02:00:00:00:00:00 (SSID='hwsim' freq=2437 MHz)
wlan1: Trying to associate with 02:00:00:00:00:00 (SSID='hwsim' freq=2437 MHz)
wlan1: SME: Association request to the driver failed
wlan1: SME: Trying to authenticate with 02:00:00:00:00:00 (SSID='hwsim' freq=2437 MHz)
wlan1: Trying to associate with 02:00:00:00:00:00 (SSID='hwsim' freq=2437 MHz)
wlan1: Associated with 02:00:00:00:00:00
wlan1: CTRL-EVENT-CONNECTED - Connection to 02:00:00:00:00:00 completed [id=0 id_str=]
wlan1: CTRL-EVENT-SUBNET-STATUS-UPDATE status=0
wlan1: CTRL-EVENT-DISCONNECTED bssid=02:00:00:00:00:00 reason=3 locally_generated=1
wlan1: SME: Trying to authenticate with 02:00:00:00:00:00 (SSID='hwsim' freq=2437 MHz)
wlan1: Trying to associate with 02:00:00:00:00:00 (SSID='hwsim' freq=2437 MHz)
wlan1: Associated with 02:00:00:00:00:00
wlan1: CTRL-EVENT-CONNECTED - Connection to 02:00:00:00:00:00 completed [id=0 id_str=]
wlan1: CTRL-EVENT-SUBNET-STATUS-UPDATE status=0
wlan1: CTRL-EVENT-DISCONNECTED bssid=02:00:00:00:00:00 reason=3 locally_generated=1
wlan1: CTRL-EVENT-SCAN-FAILED ret=-16 retry=1
wlan1: SME: Trying to authenticate with 02:00:00:00:00:00 (SSID='hwsim' freq=2437 MHz)
wlan1: Trying to associate with 02:00:00:00:00:00 (SSID='hwsim' freq=2437 MHz)
wlan1: SME: Association request to the driver failed
wlan1: SME: Trying to authenticate with 02:00:00:00:00:00 (SSID='hwsim' freq=2437 MHz)
wlan1: Trying to associate with 02:00:00:00:00:00 (SSID='hwsim' freq=2437 MHz)
wlan1: Associated with 02:00:00:00:00:00
wlan1: CTRL-EVENT-CONNECTED - Connection to 02:00:00:00:00:00 completed [id=0 id_str=]
wlan1: CTRL-EVENT-SUBNET-STATUS-UPDATE status=0
wlan1: CTRL-EVENT-DISCONNECTED bssid=02:00:00:00:00:00 reason=3 locally_generated=1
wlan1: CTRL-EVENT-SCAN-FAILED ret=-16 retry=1
wlan1: SME: Trying to authenticate with 02:00:00:00:00:00 (SSID='hwsim' freq=2437 MHz)
wlan1: Trying to associate with 02:00:00:00:00:00 (SSID='hwsim' freq=2437 MHz)
wlan1: Associated with 02:00:00:00:00:00
wlan1: CTRL-EVENT-CONNECTED - Connection to 02:00:00:00:00:00 completed [id=0 id_str=]
wlan1: CTRL-EVENT-SUBNET-STATUS-UPDATE status=0
wlan1: CTRL-EVENT-DISCONNECTED bssid=02:00:00:00:00:00 reason=3 locally_generated=1
wlan1: SME: Trying to authenticate with 02:00:00:00:00:00 (SSID='hwsim' freq=2437 MHz)
wlan1: Trying to associate with 02:00:00:00:00:00 (SSID='hwsim' freq=2437 MHz)
wlan1: SME: Association request to the driver failed
wlan1: Associated with 02:00:00:00:00:00
wlan1: CTRL-EVENT-CONNECTED - Connection to 02:00:00:00:00:00 completed [id=0 id_str=]
wlan1: CTRL-EVENT-SUBNET-STATUS-UPDATE status=0
wlan1: CTRL-EVENT-DISCONNECTED bssid=02:00:00:00:00:00 reason=3 locally_generated=1
wlan1: CTRL-EVENT-SCAN-FAILED ret=-16 retry=1
wlan1: SME: Trying to authenticate with 02:00:00:00:00:00 (SSID='hwsim' freq=2437 MHz)
wlan1: Trying to associate with 02:00:00:00:00:00 (SSID='hwsim' freq=2437 MHz)
wlan1: SME: Association request to the driver failed
wlan1: SME: Trying to authenticate with 02:00:00:00:00:00 (SSID='hwsim' freq=2437 MHz)
wlan1: Trying to associate with 02:00:00:00:00:00 (SSID='hwsim' freq=2437 MHz)
wlan1: Associated with 02:00:00:00:00:00
wlan1: CTRL-EVENT-CONNECTED - Connection to 02:00:00:00:00:00 completed [id=0 id_str=]
wlan1: CTRL-EVENT-SUBNET-STATUS-UPDATE status=0
wlan1: CTRL-EVENT-DISCONNECTED bssid=02:00:00:00:00:00 reason=2 locally_generated=1
wlan1: SME: Trying to authenticate with 02:00:00:00:00:00 (SSID='hwsim' freq=2437 MHz)
wlan1: SME: Authentication request to the driver failed
wlan1: Associated with 02:00:00:00:00:00
wlan1: CTRL-EVENT-CONNECTED - Connection to 02:00:00:00:00:00 completed [id=0 id_str=]
wlan1: CTRL-EVENT-SUBNET-STATUS-UPDATE status=0
wlan1: CTRL-EVENT-DISCONNECTED bssid=02:00:00:00:00:00 reason=2 locally_generated=1
wlan1: Reject scan trigger since one is already pending
wlan1: Failed to initiate AP scan
wlan1: Reject scan trigger since one is already pending
wlan1: Failed to initiate AP scan
wlan1: Reject scan trigger since one is already pending
wlan1: Failed to initiate AP scan
wlan1: SME: Trying to authenticate with 02:00:00:00:00:00 (SSID='hwsim' freq=2437 MHz)
wlan1: Trying to associate with 02:00:00:00:00:00 (SSID='hwsim' freq=2437 MHz)
wlan1: SME: Association request to the driver failed
wlan1: Associated with 02:00:00:00:00:00
wlan1: CTRL-EVENT-CONNECTED - Connection to 02:00:00:00:00:00 completed [id=0 id_str=]
wlan1: CTRL-EVENT-SUBNET-STATUS-UPDATE status=0
wlan1: CTRL-EVENT-DISCONNECTED bssid=02:00:00:00:00:00 reason=3 locally_generated=1
wlan1: CTRL-EVENT-SCAN-FAILED ret=-16 retry=1
wlan1: SME: Trying to authenticate with 02:00:00:00:00:00 (SSID='hwsim' freq=2437 MHz)
wlan1: Trying to associate with 02:00:00:00:00:00 (SSID='hwsim' freq=2437 MHz)
wlan1: SME: Association request to the driver failed
wlan1: SME: Trying to authenticate with 02:00:00:00:00:00 (SSID='hwsim' freq=2437 MHz)
wlan1: Trying to associate with 02:00:00:00:00:00 (SSID='hwsim' freq=2437 MHz)
wlan1: Associated with 02:00:00:00:00:00
wlan1: CTRL-EVENT-CONNECTED - Connection to 02:00:00:00:00:00 completed [id=0 id_str=]
wlan1: CTRL-EVENT-SUBNET-STATUS-UPDATE status=0
wlan1: CTRL-EVENT-DISCONNECTED bssid=02:00:00:00:00:00 reason=3 locally_generated=1
wlan1: SME: Trying to authenticate with 02:00:00:00:00:00 (SSID='hwsim' freq=2437 MHz)
wlan1: Trying to associate with 02:00:00:00:00:00 (SSID='hwsim' freq=2437 MHz)
wlan1: Associated with 02:00:00:00:00:00
wlan1: CTRL-EVENT-CONNECTED - Connection to 02:00:00:00:00:00 completed [id=0 id_str=]
wlan1: CTRL-EVENT-SUBNET-STATUS-UPDATE status=0
wlan1: CTRL-EVENT-DISCONNECTED bssid=02:00:00:00:00:00 reason=3 locally_generated=1
wlan1: CTRL-EVENT-SCAN-FAILED ret=-16 retry=1
wlan1: SME: Trying to authenticate with 02:00:00:00:00:00 (SSID='hwsim' freq=2437 MHz)
wlan1: Trying to associate with 02:00:00:00:00:00 (SSID='hwsim' freq=2437 MHz)
wlan1: SME: Association request to the driver failed
wlan1: CTRL-EVENT-SCAN-FAILED ret=-16 retry=1
