Successfully initialized wpa_supplicant
rfkill: Cannot get wiphy information
wlan11: SME: Trying to authenticate with 02:00:00:00:00:00 (SSID='testrun' freq=2452 MHz)
wlan11: Trying to associate with 02:00:00:00:00:00 (SSID='testrun' freq=2452 MHz)
wlan11: Associated with 02:00:00:00:00:00
wlan11: CTRL-EVENT-SUBNET-STATUS-UPDATE status=0
wlan11: WPA: Key negotiation completed with 02:00:00:00:00:00 [PTK=CCMP GTK=CCMP]
wlan11: CTRL-EVENT-CONNECTED - Connection to 02:00:00:00:00:00 completed [id=0 id_str=]
p2p-dev-wlan11: CTRL-EVENT-DSCP-POLICY clear_all
p2p-dev-wlan11: CTRL-EVENT-DSCP-POLICY clear_all
nl80211: deinit ifname=p2p-dev-wlan11 disabled_11b_rates=0
p2p-dev-wlan11: CTRL-EVENT-TERMINATING 
wlan11: CTRL-EVENT-DISCONNECTED bssid=02:00:00:00:00:00 reason=3 locally_generated=1
wlan11: CTRL-EVENT-DSCP-POLICY clear_all
wlan11: CTRL-EVENT-DSCP-POLICY clear_all
nl80211: deinit ifname=wlan11 disabled_11b_rates=0
wlan11: CTRL-EVENT-TERMINATING 
Successfully initialized wpa_supplicant
rfkill: Cannot get wiphy information
wlan11: SME: Trying to authenticate with 02:00:00:00:00:00 (SSID='testrun' freq=2452 MHz)
wlan11: Trying to associate with 02:00:00:00:00:00 (SSID='testrun' freq=2452 MHz)
wlan11: Associated with 02:00:00:00:00:00
wlan11: CTRL-EVENT-SUBNET-STATUS-UPDATE status=0
wlan11: WPA: Key negotiation completed with 02:00:00:00:00:00 [PTK=CCMP GTK=CCMP]
wlan11: CTRL-EVENT-CONNECTED - Connection to 02:00:00:00:00:00 completed [id=0 id_str=]
p2p-wlan11: CTRL-EVENT-DSCP-POLICY clear_all
p2p-wlan11: CTRL-EVENT-DSCP-POLICY clear_all
nl80211: deinit ifname=p2p-wlan11 disabled_11b_rates=0
p2p-wlan11: CTRL-EVENT-TERMINATING 
wlan11: CTRL-EVENT-DISCONNECTED bssid=02:00:00:00:00:00 reason=3 locally_generated=1
wlan11: CTRL-EVENT-DSCP-POLICY clear_all
wlan11: CTRL-EVENT-DSCP-POLICY clear_all
nl80211: deinit ifname=wlan11 disabled_11b_rates=0
wlan11: CTRL-EVENT-TERMINATING 
Successfully initialized wpa_supplicant
rfkill: Cannot get wiphy information
wlan11: SME: Trying to authenticate with 02:00:00:00:00:00 (SSID='testrun' freq=2452 MHz)
wlan11: Trying to associate with 02:00:00:00:00:00 (SSID='testrun' freq=2452 MHz)
wlan11: Associated with 02:00:00:00:00:00
wlan11: CTRL-EVENT-SUBNET-STATUS-UPDATE status=0
wlan11: WPA: Key negotiation completed with 02:00:00:00:00:00 [PTK=CCMP GTK=CCMP]
wlan11: CTRL-EVENT-CONNECTED - Connection to 02:00:00:00:00:00 completed [id=0 id_str=]
p2p-wlan11: CTRL-EVENT-DSCP-POLICY clear_all
p2p-wlan11: CTRL-EVENT-DSCP-POLICY clear_all
nl80211: deinit ifname=p2p-wlan11 disabled_11b_rates=0
p2p-wlan11: CTRL-EVENT-TERMINATING 
wlan11: CTRL-EVENT-DISCONNECTED bssid=02:00:00:00:00:00 reason=3 locally_generated=1
wlan11: CTRL-EVENT-DSCP-POLICY clear_all
wlan11: CTRL-EVENT-DSCP-POLICY clear_all
nl80211: deinit ifname=wlan11 disabled_11b_rates=0
wlan11: CTRL-EVENT-TERMINATING 
Successfully initialized wpa_supplicant
rfkill: Cannot get wiphy information
wlan11: SME: Trying to authenticate with 02:00:00:00:00:00 (SSID='testrun' freq=2452 MHz)
wlan11: Trying to associate with 02:00:00:00:00:00 (SSID='testrun' freq=2452 MHz)
wlan11: Associated with 02:00:00:00:00:00
wlan11: CTRL-EVENT-SUBNET-STATUS-UPDATE status=0
wlan11: WPA: Key negotiation completed with 02:00:00:00:00:00 [PTK=CCMP GTK=CCMP]
wlan11: CTRL-EVENT-CONNECTED - Connection to 02:00:00:00:00:00 completed [id=0 id_str=]
wlan11: CTRL-EVENT-BEACON-LOSS 
wlan11: CTRL-EVENT-DISCONNECTED bssid=02:00:00:00:00:00 reason=4 locally_generated=1
wlan11: SME: Trying to authenticate with 02:00:00:00:00:00 (SSID='testrun' freq=2452 MHz)
p2p-wlan11: CTRL-EVENT-DSCP-POLICY clear_all
p2p-wlan11: CTRL-EVENT-DSCP-POLICY clear_all
nl80211: deinit ifname=p2p-wlan11 disabled_11b_rates=0
p2p-wlan11: CTRL-EVENT-TERMINATING 
wlan11: CTRL-EVENT-DSCP-POLICY clear_all
wlan11: CTRL-EVENT-DSCP-POLICY clear_all
nl80211: deinit ifname=wlan11 disabled_11b_rates=0
wlan11: CTRL-EVENT-TERMINATING 
