Successfully initialized wpa_supplicant
Could not read interface sta2-wlan0 flags: No such device
nl80211: Driver does not support authentication/association or connect commands
nl80211: deinit ifname=sta2-wlan0 disabled_11b_rates=0
Could not read interface sta2-wlan0 flags: No such device
sta2-wlan0: Failed to initialize driver interface
sta2-wlan0: CTRL-EVENT-DSCP-POLICY clear_all
Successfully initialized wpa_supplicant
Could not read interface sta2-wlan0 flags: No such device
nl80211: Driver does not support authentication/association or connect commands
nl80211: deinit ifname=sta2-wlan0 disabled_11b_rates=0
Could not read interface sta2-wlan0 flags: No such device
sta2-wlan0: Failed to initialize driver interface
sta2-wlan0: CTRL-EVENT-DSCP-POLICY clear_all
Successfully initialized wpa_supplicant
Could not read interface sta2-wlan0 flags: No such device
nl80211: Driver does not support authentication/association or connect commands
nl80211: deinit ifname=sta2-wlan0 disabled_11b_rates=0
Could not read interface sta2-wlan0 flags: No such device
sta2-wlan0: Failed to initialize driver interface
sta2-wlan0: CTRL-EVENT-DSCP-POLICY clear_all
Successfully initialized wpa_supplicant
Could not read interface sta2-wlan0 flags: No such device
nl80211: Driver does not support authentication/association or connect commands
nl80211: deinit ifname=sta2-wlan0 disabled_11b_rates=0
Could not read interface sta2-wlan0 flags: No such device
sta2-wlan0: Failed to initialize driver interface
sta2-wlan0: CTRL-EVENT-DSCP-POLICY clear_all
