Successfully initialized wpa_supplicant
rfkill: Cannot get wiphy information
wlan6: SME: Trying to authenticate with 02:00:00:00:00:00 (SSID='testrun' freq=2452 MHz)
wlan6: Trying to associate with 02:00:00:00:00:00 (SSID='testrun' freq=2452 MHz)
wlan6: Associated with 02:00:00:00:00:00
wlan6: CTRL-EVENT-SUBNET-STATUS-UPDATE status=0
wlan6: WPA: Key negotiation completed with 02:00:00:00:00:00 [PTK=CCMP GTK=CCMP]
wlan6: CTRL-EVENT-CONNECTED - Connection to 02:00:00:00:00:00 completed [id=0 id_str=]
p2p-dev-wlan6: CTRL-EVENT-DSCP-POLICY clear_all
p2p-dev-wlan6: CTRL-EVENT-DSCP-POLICY clear_all
nl80211: deinit ifname=p2p-dev-wlan6 disabled_11b_rates=0
p2p-dev-wlan6: CTRL-EVENT-TERMINATING 
wlan6: CTRL-EVENT-DISCONNECTED bssid=02:00:00:00:00:00 reason=3 locally_generated=1
wlan6: CTRL-EVENT-DSCP-POLICY clear_all
wlan6: CTRL-EVENT-DSCP-POLICY clear_all
nl80211: deinit ifname=wlan6 disabled_11b_rates=0
wlan6: CTRL-EVENT-TERMINATING 
Successfully initialized wpa_supplicant
rfkill: Cannot get wiphy information
wlan6: SME: Trying to authenticate with 02:00:00:00:00:00 (SSID='testrun' freq=2452 MHz)
wlan6: Trying to associate with 02:00:00:00:00:00 (SSID='testrun' freq=2452 MHz)
wlan6: Associated with 02:00:00:00:00:00
wlan6: CTRL-EVENT-SUBNET-STATUS-UPDATE status=0
wlan6: WPA: Key negotiation completed with 02:00:00:00:00:00 [PTK=CCMP GTK=CCMP]
wlan6: CTRL-EVENT-CONNECTED - Connection to 02:00:00:00:00:00 completed [id=0 id_str=]
p2p-dev-wlan6: CTRL-EVENT-DSCP-POLICY clear_all
p2p-dev-wlan6: CTRL-EVENT-DSCP-POLICY clear_all
nl80211: deinit ifname=p2p-dev-wlan6 disabled_11b_rates=0
p2p-dev-wlan6: CTRL-EVENT-TERMINATING 
wlan6: CTRL-EVENT-DISCONNECTED bssid=02:00:00:00:00:00 reason=3 locally_generated=1
wlan6: CTRL-EVENT-DSCP-POLICY clear_all
wlan6: CTRL-EVENT-DSCP-POLICY clear_all
nl80211: deinit ifname=wlan6 disabled_11b_rates=0
wlan6: CTRL-EVENT-TERMINATING 
Successfully initialized wpa_supplicant
rfkill: Cannot get wiphy information
wlan6: SME: Trying to authenticate with 02:00:00:00:00:00 (SSID='testrun' freq=2452 MHz)
wlan6: Trying to associate with 02:00:00:00:00:00 (SSID='testrun' freq=2452 MHz)
wlan6: Associated with 02:00:00:00:00:00
wlan6: CTRL-EVENT-SUBNET-STATUS-UPDATE status=0
wlan6: WPA: Key negotiation completed with 02:00:00:00:00:00 [PTK=CCMP GTK=CCMP]
wlan6: CTRL-EVENT-CONNECTED - Connection to 02:00:00:00:00:00 completed [id=0 id_str=]
p2p-dev-wlan6: CTRL-EVENT-DSCP-POLICY clear_all
p2p-dev-wlan6: CTRL-EVENT-DSCP-POLICY clear_all
nl80211: deinit ifname=p2p-dev-wlan6 disabled_11b_rates=0
p2p-dev-wlan6: CTRL-EVENT-TERMINATING 
wlan6: CTRL-EVENT-DISCONNECTED bssid=02:00:00:00:00:00 reason=3 locally_generated=1
wlan6: CTRL-EVENT-DSCP-POLICY clear_all
wlan6: CTRL-EVENT-DSCP-POLICY clear_all
nl80211: deinit ifname=wlan6 disabled_11b_rates=0
wlan6: CTRL-EVENT-TERMINATING 
