Successfully initialized wpa_supplicant
rfkill: Cannot get wiphy information
wlan8: SME: Trying to authenticate with 02:00:00:00:00:00 (SSID='testrun' freq=2452 MHz)
wlan8: Trying to associate with 02:00:00:00:00:00 (SSID='testrun' freq=2452 MHz)
wlan8: Associated with 02:00:00:00:00:00
wlan8: CTRL-EVENT-SUBNET-STATUS-UPDATE status=0
wlan8: WPA: Key negotiation completed with 02:00:00:00:00:00 [PTK=CCMP GTK=CCMP]
wlan8: CTRL-EVENT-CONNECTED - Connection to 02:00:00:00:00:00 completed [id=0 id_str=]
p2p-dev-wlan8: CTRL-EVENT-DSCP-POLICY clear_all
p2p-dev-wlan8: CTRL-EVENT-DSCP-POLICY clear_all
nl80211: deinit ifname=p2p-dev-wlan8 disabled_11b_rates=0
p2p-dev-wlan8: CTRL-EVENT-TERMINATING 
wlan8: CTRL-EVENT-DISCONNECTED bssid=02:00:00:00:00:00 reason=3 locally_generated=1
wlan8: CTRL-EVENT-DSCP-POLICY clear_all
wlan8: CTRL-EVENT-DSCP-POLICY clear_all
nl80211: deinit ifname=wlan8 disabled_11b_rates=0
wlan8: CTRL-EVENT-TERMINATING 
Successfully initialized wpa_supplicant
rfkill: Cannot get wiphy information
wlan8: SME: Trying to authenticate with 02:00:00:00:00:00 (SSID='testrun' freq=2452 MHz)
wlan8: Trying to associate with 02:00:00:00:00:00 (SSID='testrun' freq=2452 MHz)
wlan8: Associated with 02:00:00:00:00:00
wlan8: CTRL-EVENT-SUBNET-STATUS-UPDATE status=0
wlan8: WPA: Key negotiation completed with 02:00:00:00:00:00 [PTK=CCMP GTK=CCMP]
wlan8: CTRL-EVENT-CONNECTED - Connection to 02:00:00:00:00:00 completed [id=0 id_str=]
p2p-wlan8: CTRL-EVENT-DSCP-POLICY clear_all
p2p-wlan8: CTRL-EVENT-DSCP-POLICY clear_all
nl80211: deinit ifname=p2p-wlan8 disabled_11b_rates=0
p2p-wlan8: CTRL-EVENT-TERMINATING 
wlan8: CTRL-EVENT-DISCONNECTED bssid=02:00:00:00:00:00 reason=3 locally_generated=1
wlan8: CTRL-EVENT-DSCP-POLICY clear_all
wlan8: CTRL-EVENT-DSCP-POLICY clear_all
nl80211: deinit ifname=wlan8 disabled_11b_rates=0
wlan8: CTRL-EVENT-TERMINATING 
Successfully initialized wpa_supplicant
rfkill: Cannot get wiphy information
wlan8: SME: Trying to authenticate with 02:00:00:00:00:00 (SSID='testrun' freq=2452 MHz)
wlan8: Trying to associate with 02:00:00:00:00:00 (SSID='testrun' freq=2452 MHz)
wlan8: Associated with 02:00:00:00:00:00
wlan8: CTRL-EVENT-SUBNET-STATUS-UPDATE status=0
wlan8: WPA: Key negotiation completed with 02:00:00:00:00:00 [PTK=CCMP GTK=CCMP]
wlan8: CTRL-EVENT-CONNECTED - Connection to 02:00:00:00:00:00 completed [id=0 id_str=]
p2p-wlan8: CTRL-EVENT-DSCP-POLICY clear_all
p2p-wlan8: CTRL-EVENT-DSCP-POLICY clear_all
nl80211: deinit ifname=p2p-wlan8 disabled_11b_rates=0
p2p-wlan8: CTRL-EVENT-TERMINATING 
wlan8: CTRL-EVENT-DISCONNECTED bssid=02:00:00:00:00:00 reason=3 locally_generated=1
wlan8: CTRL-EVENT-DSCP-POLICY clear_all
wlan8: CTRL-EVENT-DSCP-POLICY clear_all
nl80211: deinit ifname=wlan8 disabled_11b_rates=0
wlan8: CTRL-EVENT-TERMINATING 
Successfully initialized wpa_supplicant
rfkill: Cannot get wiphy information
wlan8: SME: Trying to authenticate with 02:00:00:00:00:00 (SSID='testrun' freq=2452 MHz)
wlan8: Trying to associate with 02:00:00:00:00:00 (SSID='testrun' freq=2452 MHz)
wlan8: Associated with 02:00:00:00:00:00
wlan8: CTRL-EVENT-SUBNET-STATUS-UPDATE status=0
wlan8: WPA: Key negotiation completed with 02:00:00:00:00:00 [PTK=CCMP GTK=CCMP]
wlan8: CTRL-EVENT-CONNECTED - Connection to 02:00:00:00:00:00 completed [id=0 id_str=]
p2p-wlan8: CTRL-EVENT-DSCP-POLICY clear_all
p2p-wlan8: CTRL-EVENT-DSCP-POLICY clear_all
nl80211: deinit ifname=p2p-wlan8 disabled_11b_rates=0
p2p-wlan8: CTRL-EVENT-TERMINATING 
wlan8: CTRL-EVENT-DISCONNECTED bssid=02:00:00:00:00:00 reason=3 locally_generated=1
wlan8: CTRL-EVENT-DSCP-POLICY clear_all
wlan8: CTRL-EVENT-DSCP-POLICY clear_all
nl80211: deinit ifname=wlan8 disabled_11b_rates=0
wlan8: CTRL-EVENT-TERMINATING 
Successfully initialized wpa_supplicant
rfkill: Cannot get wiphy information
wlan8: SME: Trying to authenticate with 02:00:00:00:00:00 (SSID='testrun' freq=2452 MHz)
wlan8: Trying to associate with 02:00:00:00:00:00 (SSID='testrun' freq=2452 MHz)
wlan8: Associated with 02:00:00:00:00:00
wlan8: CTRL-EVENT-SUBNET-STATUS-UPDATE status=0
wlan8: WPA: Key negotiation completed with 02:00:00:00:00:00 [PTK=CCMP GTK=CCMP]
wlan8: CTRL-EVENT-CONNECTED - Connection to 02:00:00:00:00:00 completed [id=0 id_str=]
wlan8: CTRL-EVENT-BEACON-LOSS 
wlan8: CTRL-EVENT-DISCONNECTED bssid=02:00:00:00:00:00 reason=4 locally_generated=1
wlan8: SME: Trying to authenticate with 02:00:00:00:00:00 (SSID='testrun' freq=2452 MHz)
p2p-wlan8: CTRL-EVENT-DSCP-POLICY clear_all
p2p-wlan8: CTRL-EVENT-DSCP-POLICY clear_all
nl80211: deinit ifname=p2p-wlan8 disabled_11b_rates=0
p2p-wlan8: CTRL-EVENT-TERMINATING 
wlan8: CTRL-EVENT-DSCP-POLICY clear_all
wlan8: CTRL-EVENT-DSCP-POLICY clear_all
nl80211: deinit ifname=wlan8 disabled_11b_rates=0
wlan8: CTRL-EVENT-TERMINATING 
