[  8] 783.00-784.00 sec  0.00 Bytes  0.00 bits/sec    0   1.41 KBytes       
[  8] 784.00-785.00 sec  0.00 Bytes  0.00 bits/sec    0   1.41 KBytes       
[  8] 785.00-786.00 sec  0.00 Bytes  0.00 bits/sec    0   1.41 KBytes       
[  8] 786.00-787.00 sec  0.00 Bytes  0.00 bits/sec    0   1.41 KBytes       
[  8] 787.00-788.00 sec  0.00 Bytes  0.00 bits/sec    0   1.41 KBytes       
[  8] 788.00-789.00 sec  0.00 Bytes  0.00 bits/sec    0   1.41 KBytes       
[  8] 789.00-790.00 sec  0.00 Bytes  0.00 bits/sec    0   1.41 KBytes       
[  8] 790.00-791.00 sec  0.00 Bytes  0.00 bits/sec    0   1.41 KBytes       
[  8] 791.00-792.00 sec  0.00 Bytes  0.00 bits/sec    0   1.41 KBytes       
[  8] 792.00-793.00 sec  0.00 Bytes  0.00 bits/sec    0   1.41 KBytes       
[  8] 793.00-794.00 sec  0.00 Bytes  0.00 bits/sec    0   1.41 KBytes       
[  8] 794.00-795.00 sec  0.00 Bytes  0.00 bits/sec    0   1.41 KBytes       
[  8] 795.00-796.00 sec  0.00 Bytes  0.00 bits/sec    0   1.41 KBytes       
[  8] 796.00-797.00 sec  0.00 Bytes  0.00 bits/sec    0   1.41 KBytes       
[  8] 797.00-798.00 sec  0.00 Bytes  0.00 bits/sec    0   1.41 KBytes       
[  8] 798.00-799.01 sec  0.00 Bytes  0.00 bits/sec    0   1.41 KBytes       
[  8] 799.01-800.00 sec  0.00 Bytes  0.00 bits/sec    0   1.41 KBytes       
[  8] 800.00-801.00 sec  0.00 Bytes  0.00 bits/sec    0   1.41 KBytes       
[  8] 801.00-802.02 sec  0.00 Bytes  0.00 bits/sec    0   1.41 KBytes       
[  8] 802.02-803.00 sec  0.00 Bytes  0.00 bits/sec    0   1.41 KBytes       
[  8] 803.00-804.00 sec  0.00 Bytes  0.00 bits/sec    0   1.41 KBytes       
[  8] 804.00-805.00 sec  0.00 Bytes  0.00 bits/sec    0   1.41 KBytes       
[  8] 805.00-806.00 sec  0.00 Bytes  0.00 bits/sec    0   1.41 KBytes       
[  8] 806.00-807.01 sec  0.00 Bytes  0.00 bits/sec    0   1.41 KBytes       
[  8] 807.01-808.01 sec  0.00 Bytes  0.00 bits/sec    0   1.41 KBytes       
[  8] 808.01-809.01 sec  0.00 Bytes  0.00 bits/sec    0   1.41 KBytes       
[  8] 809.01-810.01 sec  0.00 Bytes  0.00 bits/sec    0   1.41 KBytes       
[  8] 810.01-811.00 sec  0.00 Bytes  0.00 bits/sec    0   1.41 KBytes       
[  8] 811.00-812.00 sec  0.00 Bytes  0.00 bits/sec    0   1.41 KBytes       
[  8] 812.00-813.02 sec  0.00 Bytes  0.00 bits/sec    0   1.41 KBytes       
[  8] 813.02-814.00 sec  0.00 Bytes  0.00 bits/sec    0   1.41 KBytes       
[  8] 814.00-815.00 sec  0.00 Bytes  0.00 bits/sec    0   1.41 KBytes       
[  8] 815.00-816.01 sec  0.00 Bytes  0.00 bits/sec    0   1.41 KBytes       
[  8] 816.01-817.05 sec  0.00 Bytes  0.00 bits/sec    0   1.41 KBytes       
[  8] 817.05-818.01 sec  0.00 Bytes  0.00 bits/sec    0   1.41 KBytes       
[  8] 818.01-819.01 sec  0.00 Bytes  0.00 bits/sec    0   1.41 KBytes       
[  8] 819.01-820.00 sec  0.00 Bytes  0.00 bits/sec    0   1.41 KBytes       
[  8] 820.00-821.01 sec  0.00 Bytes  0.00 bits/sec    0   1.41 KBytes       
[  8] 821.01-822.01 sec  0.00 Bytes  0.00 bits/sec    0   1.41 KBytes       
[  8] 822.01-823.00 sec  0.00 Bytes  0.00 bits/sec    0   1.41 KBytes       
[  8] 823.00-824.01 sec  0.00 Bytes  0.00 bits/sec    0   1.41 KBytes       
[  8] 824.01-825.00 sec  0.00 Bytes  0.00 bits/sec    0   1.41 KBytes       
[  8] 825.00-826.00 sec  0.00 Bytes  0.00 bits/sec    0   1.41 KBytes       
[  8] 826.00-827.00 sec  0.00 Bytes  0.00 bits/sec    0   1.41 KBytes       
[  8] 827.00-828.01 sec  0.00 Bytes  0.00 bits/sec    0   1.41 KBytes       
[  8] 828.01-829.00 sec  0.00 Bytes  0.00 bits/sec    0   1.41 KBytes       
[  8] 829.00-830.00 sec  0.00 Bytes  0.00 bits/sec    0   1.41 KBytes       
[  8] 830.00-831.00 sec  0.00 Bytes  0.00 bits/sec    0   1.41 KBytes       
[  8] 831.00-832.00 sec  0.00 Bytes  0.00 bits/sec    0   1.41 KBytes       
[  8] 832.00-833.00 sec  0.00 Bytes  0.00 bits/sec    0   1.41 KBytes       
[  8] 833.00-834.00 sec  0.00 Bytes  0.00 bits/sec    0   1.41 KBytes       
[  8] 834.00-835.00 sec  0.00 Bytes  0.00 bits/sec    0   1.41 KBytes       
[  8] 835.00-836.00 sec  0.00 Bytes  0.00 bits/sec    0   1.41 KBytes       
[  8] 836.00-837.00 sec  0.00 Bytes  0.00 bits/sec    0   1.41 KBytes       
[  8] 837.00-838.00 sec  0.00 Bytes  0.00 bits/sec    0   1.41 KBytes       
[  8] 838.00-839.01 sec  0.00 Bytes  0.00 bits/sec    0   1.41 KBytes       
[  8] 839.01-840.00 sec  0.00 Bytes  0.00 bits/sec    0   1.41 KBytes       
[  8] 840.00-841.00 sec  0.00 Bytes  0.00 bits/sec    0   1.41 KBytes       
[  8] 841.00-842.02 sec  0.00 Bytes  0.00 bits/sec    0   1.41 KBytes       
[  8] 842.02-843.00 sec  0.00 Bytes  0.00 bits/sec    0   1.41 KBytes       
[  8] 843.00-844.00 sec  0.00 Bytes  0.00 bits/sec    0   1.41 KBytes       
[  8] 844.00-845.00 sec  0.00 Bytes  0.00 bits/sec    0   1.41 KBytes       
[  8] 845.00-846.00 sec  0.00 Bytes  0.00 bits/sec    0   1.41 KBytes       
[  8] 846.00-847.01 sec  0.00 Bytes  0.00 bits/sec    0   1.41 KBytes       
[  8] 847.01-848.01 sec  0.00 Bytes  0.00 bits/sec    0   1.41 KBytes       
[  8] 848.01-849.00 sec  0.00 Bytes  0.00 bits/sec    0   1.41 KBytes       
[  8] 849.00-850.00 sec  0.00 Bytes  0.00 bits/sec    0   1.41 KBytes       
[  8] 850.00-851.04 sec  0.00 Bytes  0.00 bits/sec    0   1.41 KBytes       
[  8] 851.04-852.01 sec  0.00 Bytes  0.00 bits/sec    0   1.41 KBytes       
[  8] 852.01-853.00 sec  0.00 Bytes  0.00 bits/sec    0   1.41 KBytes       
[  8] 853.00-854.00 sec  0.00 Bytes  0.00 bits/sec    0   1.41 KBytes       
[  8] 854.00-855.06 sec  0.00 Bytes  0.00 bits/sec    0   1.41 KBytes       
[  8] 855.06-856.01 sec  0.00 Bytes  0.00 bits/sec    0   1.41 KBytes       
[  8] 856.01-857.00 sec  0.00 Bytes  0.00 bits/sec    0   1.41 KBytes       
[  8] 857.00-858.00 sec  0.00 Bytes  0.00 bits/sec    0   1.41 KBytes       
[  8] 858.00-859.00 sec  0.00 Bytes  0.00 bits/sec    0   1.41 KBytes       
[  8] 859.00-860.00 sec  0.00 Bytes  0.00 bits/sec    0   1.41 KBytes       
[  8] 860.00-861.01 sec  0.00 Bytes  0.00 bits/sec    0   1.41 KBytes       
[  8] 861.01-862.01 sec  0.00 Bytes  0.00 bits/sec    0   1.41 KBytes       
[  8] 862.01-863.00 sec  0.00 Bytes  0.00 bits/sec    0   1.41 KBytes       
[  8] 863.00-864.01 sec  0.00 Bytes  0.00 bits/sec    0   1.41 KBytes       
[  8] 864.01-865.01 sec  0.00 Bytes  0.00 bits/sec    0   1.41 KBytes       
[  8] 865.01-866.00 sec  0.00 Bytes  0.00 bits/sec    0   1.41 KBytes       
[  8] 866.00-867.00 sec  0.00 Bytes  0.00 bits/sec    0   1.41 KBytes       
[  8] 867.00-868.01 sec  0.00 Bytes  0.00 bits/sec    0   1.41 KBytes       
[  8] 868.01-869.03 sec  0.00 Bytes  0.00 bits/sec    0   1.41 KBytes       
[  8] 869.03-870.00 sec  0.00 Bytes  0.00 bits/sec    0   1.41 KBytes       
[  8] 870.00-871.01 sec  0.00 Bytes  0.00 bits/sec    0   1.41 KBytes       
[  8] 871.01-872.01 sec  0.00 Bytes  0.00 bits/sec    0   1.41 KBytes       
[  8] 872.01-873.01 sec  0.00 Bytes  0.00 bits/sec    0   1.41 KBytes       
[  8] 873.01-874.03 sec  0.00 Bytes  0.00 bits/sec    0   1.41 KBytes       
[  8] 874.03-875.00 sec  0.00 Bytes  0.00 bits/sec    0   1.41 KBytes       
[  8] 875.00-876.00 sec  0.00 Bytes  0.00 bits/sec    0   1.41 KBytes       
[  8] 876.00-877.00 sec  0.00 Bytes  0.00 bits/sec    0   1.41 KBytes       
[  8] 877.00-878.01 sec  0.00 Bytes  0.00 bits/sec    0   1.41 KBytes       
[  8] 878.01-879.00 sec  0.00 Bytes  0.00 bits/sec    0   1.41 KBytes       
[  8] 879.00-880.01 sec  0.00 Bytes  0.00 bits/sec    0   1.41 KBytes       
[  8] 880.01-881.00 sec  0.00 Bytes  0.00 bits/sec    0   1.41 KBytes       
[  8] 881.00-882.00 sec  0.00 Bytes  0.00 bits/sec    0   1.41 KBytes       
[  8] 882.00-883.05 sec  0.00 Bytes  0.00 bits/sec    0   1.41 KBytes       
[  8] 883.05-884.05 sec  0.00 Bytes  0.00 bits/sec    0   1.41 KBytes       
[  8] 884.05-885.04 sec  0.00 Bytes  0.00 bits/sec    0   1.41 KBytes       
[  8] 885.04-886.06 sec  0.00 Bytes  0.00 bits/sec    0   1.41 KBytes       
[  8] 886.06-887.01 sec  0.00 Bytes  0.00 bits/sec    0   1.41 KBytes       
[  8] 887.01-888.00 sec  0.00 Bytes  0.00 bits/sec    0   1.41 KBytes       
[  8] 888.00-889.02 sec  0.00 Bytes  0.00 bits/sec    0   1.41 KBytes       
[  8] 889.02-890.05 sec  0.00 Bytes  0.00 bits/sec    0   1.41 KBytes       
[  8] 890.05-891.01 sec  0.00 Bytes  0.00 bits/sec    0   1.41 KBytes       
[  8] 891.01-892.06 sec  0.00 Bytes  0.00 bits/sec    0   1.41 KBytes       
[  8] 892.06-893.00 sec  0.00 Bytes  0.00 bits/sec    0   1.41 KBytes       
[  8] 893.00-894.01 sec  0.00 Bytes  0.00 bits/sec    0   1.41 KBytes       
[  8] 894.01-895.01 sec  0.00 Bytes  0.00 bits/sec    0   1.41 KBytes       
[  8] 895.01-896.00 sec  0.00 Bytes  0.00 bits/sec    0   1.41 KBytes       
[  8] 896.00-897.01 sec  0.00 Bytes  0.00 bits/sec    0   1.41 KBytes       
[  8] 897.01-898.00 sec  0.00 Bytes  0.00 bits/sec    0   1.41 KBytes       
[  8] 898.00-899.01 sec  0.00 Bytes  0.00 bits/sec    0   1.41 KBytes       
[  8] 899.01-900.00 sec  0.00 Bytes  0.00 bits/sec    0   1.41 KBytes       
[  8] 900.00-901.02 sec  0.00 Bytes  0.00 bits/sec    0   1.41 KBytes       
[  8] 901.02-902.01 sec  0.00 Bytes  0.00 bits/sec    0   1.41 KBytes       
[  8] 902.01-903.01 sec  0.00 Bytes  0.00 bits/sec    0   1.41 KBytes       
[  8] 903.01-904.01 sec  0.00 Bytes  0.00 bits/sec    0   1.41 KBytes       
[  8] 904.01-905.00 sec  0.00 Bytes  0.00 bits/sec    0   1.41 KBytes       
[  8] 905.00-906.00 sec  0.00 Bytes  0.00 bits/sec    0   1.41 KBytes       
[  8] 906.00-907.00 sec  0.00 Bytes  0.00 bits/sec    0   1.41 KBytes       
[  8] 907.00-908.01 sec  0.00 Bytes  0.00 bits/sec    0   1.41 KBytes       
[  8] 908.01-909.00 sec  0.00 Bytes  0.00 bits/sec    0   1.41 KBytes       
[  8] 909.00-910.01 sec  0.00 Bytes  0.00 bits/sec    0   1.41 KBytes       
[  8] 910.01-911.01 sec  0.00 Bytes  0.00 bits/sec    0   1.41 KBytes       
[  8] 911.01-912.00 sec  0.00 Bytes  0.00 bits/sec    0   1.41 KBytes       
[  8] 912.00-913.01 sec  0.00 Bytes  0.00 bits/sec    0   1.41 KBytes       
[  8] 913.01-914.00 sec  0.00 Bytes  0.00 bits/sec    0   1.41 KBytes       
[  8] 914.00-915.01 sec  0.00 Bytes  0.00 bits/sec    0   1.41 KBytes       
[  8] 915.01-916.00 sec  0.00 Bytes  0.00 bits/sec    0   1.41 KBytes       
[  8] 916.00-917.03 sec  0.00 Bytes  0.00 bits/sec    0   1.41 KBytes       
[  8] 917.03-918.00 sec  0.00 Bytes  0.00 bits/sec    0   1.41 KBytes       
[  8] 918.00-919.01 sec  0.00 Bytes  0.00 bits/sec    0   1.41 KBytes       
[  8] 919.01-920.00 sec  0.00 Bytes  0.00 bits/sec    0   1.41 KBytes       
[  8] 920.00-921.01 sec  0.00 Bytes  0.00 bits/sec    0   1.41 KBytes       
[  8] 921.01-922.01 sec  0.00 Bytes  0.00 bits/sec    0   1.41 KBytes       
[  8] 922.01-923.00 sec  0.00 Bytes  0.00 bits/sec    0   1.41 KBytes       
[  8] 923.00-924.00 sec  0.00 Bytes  0.00 bits/sec    0   1.41 KBytes       
[  8] 924.00-925.01 sec  0.00 Bytes  0.00 bits/sec    0   1.41 KBytes       
[  8] 925.01-926.01 sec  0.00 Bytes  0.00 bits/sec    0   1.41 KBytes       
[  8] 926.01-927.03 sec  0.00 Bytes  0.00 bits/sec    0   1.41 KBytes       
[  8] 927.03-928.02 sec  0.00 Bytes  0.00 bits/sec    0   1.41 KBytes       
[  8] 928.02-929.00 sec  0.00 Bytes  0.00 bits/sec    0   1.41 KBytes       
[  8] 929.00-930.01 sec  0.00 Bytes  0.00 bits/sec    0   1.41 KBytes       
[  8] 930.01-931.04 sec  0.00 Bytes  0.00 bits/sec    0   1.41 KBytes       
[  8] 931.04-932.00 sec  0.00 Bytes  0.00 bits/sec    0   1.41 KBytes       
[  8] 932.00-933.01 sec  0.00 Bytes  0.00 bits/sec    0   1.41 KBytes       
[  8] 933.01-934.01 sec  0.00 Bytes  0.00 bits/sec    0   1.41 KBytes       
[  8] 934.01-935.01 sec  0.00 Bytes  0.00 bits/sec    0   1.41 KBytes       
[  8] 935.01-936.00 sec  0.00 Bytes  0.00 bits/sec    0   1.41 KBytes       
[  8] 936.00-937.01 sec  0.00 Bytes  0.00 bits/sec    0   1.41 KBytes       
[  8] 937.01-938.04 sec  0.00 Bytes  0.00 bits/sec    0   1.41 KBytes       
[  8] 938.04-939.00 sec  0.00 Bytes  0.00 bits/sec    0   1.41 KBytes       
[  8] 939.00-940.01 sec  0.00 Bytes  0.00 bits/sec    0   1.41 KBytes       
[  8] 940.01-941.01 sec  0.00 Bytes  0.00 bits/sec    0   1.41 KBytes       
[  8] 941.01-942.02 sec  0.00 Bytes  0.00 bits/sec    0   1.41 KBytes       
[  8] 942.02-943.02 sec  0.00 Bytes  0.00 bits/sec    0   1.41 KBytes       
[  8] 943.02-944.00 sec  0.00 Bytes  0.00 bits/sec    0   1.41 KBytes       
[  8] 944.00-945.01 sec  0.00 Bytes  0.00 bits/sec    0   1.41 KBytes       
[  8] 945.01-946.01 sec  0.00 Bytes  0.00 bits/sec    0   1.41 KBytes       
[  8] 946.01-947.01 sec  0.00 Bytes  0.00 bits/sec    0   1.41 KBytes       
[  8] 947.01-948.02 sec  0.00 Bytes  0.00 bits/sec    0   1.41 KBytes       
[  8] 948.02-949.00 sec  0.00 Bytes  0.00 bits/sec    0   1.41 KBytes       
[  8] 949.00-950.00 sec  0.00 Bytes  0.00 bits/sec    0   1.41 KBytes       
[  8] 950.00-951.01 sec  0.00 Bytes  0.00 bits/sec    0   1.41 KBytes       
[  8] 951.01-952.00 sec  0.00 Bytes  0.00 bits/sec    0   1.41 KBytes       
[  8] 952.00-953.01 sec  0.00 Bytes  0.00 bits/sec    0   1.41 KBytes       
[  8] 953.01-954.01 sec  0.00 Bytes  0.00 bits/sec    0   1.41 KBytes       
[  8] 954.01-955.01 sec  0.00 Bytes  0.00 bits/sec    0   1.41 KBytes       
[  8] 955.01-956.00 sec  0.00 Bytes  0.00 bits/sec    0   1.41 KBytes       
[  8] 956.00-957.01 sec  0.00 Bytes  0.00 bits/sec    0   1.41 KBytes       
[  8] 957.01-958.00 sec  0.00 Bytes  0.00 bits/sec    0   1.41 KBytes       
[  8] 958.00-959.01 sec  0.00 Bytes  0.00 bits/sec    0   1.41 KBytes       
[  8] 959.01-960.03 sec  0.00 Bytes  0.00 bits/sec    0   1.41 KBytes       
[  8] 960.03-961.00 sec  0.00 Bytes  0.00 bits/sec    0   1.41 KBytes       
[  8] 961.00-962.02 sec  0.00 Bytes  0.00 bits/sec    0   1.41 KBytes       
[  8] 962.02-963.06 sec  0.00 Bytes  0.00 bits/sec    0   1.41 KBytes       
[  8] 963.06-964.06 sec  0.00 Bytes  0.00 bits/sec    0   1.41 KBytes       
[  8] 964.06-965.02 sec  0.00 Bytes  0.00 bits/sec    0   1.41 KBytes       
[  8] 965.02-966.00 sec  0.00 Bytes  0.00 bits/sec    0   1.41 KBytes       
[  8] 966.00-967.01 sec  0.00 Bytes  0.00 bits/sec    0   1.41 KBytes       
[  8] 967.01-968.00 sec  0.00 Bytes  0.00 bits/sec    0   1.41 KBytes       
[  8] 968.00-969.01 sec  0.00 Bytes  0.00 bits/sec    0   1.41 KBytes       
[  8] 969.01-970.01 sec  0.00 Bytes  0.00 bits/sec    0   1.41 KBytes       
[  8] 970.01-971.01 sec  0.00 Bytes  0.00 bits/sec    0   1.41 KBytes       
[  8] 971.01-972.01 sec  0.00 Bytes  0.00 bits/sec    0   1.41 KBytes       
[  8] 972.01-973.01 sec  0.00 Bytes  0.00 bits/sec    0   1.41 KBytes       
[  8] 973.01-974.01 sec  0.00 Bytes  0.00 bits/sec    0   1.41 KBytes       
[  8] 974.01-975.01 sec  0.00 Bytes  0.00 bits/sec    0   1.41 KBytes       
[  8] 975.01-976.00 sec  0.00 Bytes  0.00 bits/sec    0   1.41 KBytes       
[  8] 976.00-977.02 sec  0.00 Bytes  0.00 bits/sec    0   1.41 KBytes       
[  8] 977.02-978.00 sec  0.00 Bytes  0.00 bits/sec    0   1.41 KBytes       
[  8] 978.00-979.01 sec  0.00 Bytes  0.00 bits/sec    0   1.41 KBytes       
[  8] 979.01-980.00 sec  0.00 Bytes  0.00 bits/sec    0   1.41 KBytes       
[  8] 980.00-981.01 sec  0.00 Bytes  0.00 bits/sec    0   1.41 KBytes       
[  8] 981.01-982.01 sec  0.00 Bytes  0.00 bits/sec    0   1.41 KBytes       
[  8] 982.01-983.01 sec  0.00 Bytes  0.00 bits/sec    0   1.41 KBytes       
[  8] 983.01-984.01 sec  0.00 Bytes  0.00 bits/sec    0   1.41 KBytes       
[  8] 984.01-985.01 sec  0.00 Bytes  0.00 bits/sec    0   1.41 KBytes       
[  8] 985.01-986.00 sec  0.00 Bytes  0.00 bits/sec    0   1.41 KBytes       
[  8] 986.00-987.01 sec  0.00 Bytes  0.00 bits/sec    0   1.41 KBytes       
[  8] 987.01-988.00 sec  0.00 Bytes  0.00 bits/sec    0   1.41 KBytes       
[  8] 988.00-989.00 sec  0.00 Bytes  0.00 bits/sec    0   1.41 KBytes       
[  8] 989.00-990.00 sec  0.00 Bytes  0.00 bits/sec    0   1.41 KBytes       
[  8] 990.00-991.00 sec  0.00 Bytes  0.00 bits/sec    0   1.41 KBytes       
[  8] 991.00-992.00 sec  0.00 Bytes  0.00 bits/sec    0   1.41 KBytes       
[  8] 992.00-993.00 sec  0.00 Bytes  0.00 bits/sec    0   1.41 KBytes       
[  8] 993.00-994.00 sec  0.00 Bytes  0.00 bits/sec    0   1.41 KBytes       
[  8] 994.00-995.00 sec  0.00 Bytes  0.00 bits/sec    0   1.41 KBytes       
[  8] 995.00-996.00 sec  0.00 Bytes  0.00 bits/sec    0   1.41 KBytes       
[  8] 996.00-997.00 sec  0.00 Bytes  0.00 bits/sec    0   1.41 KBytes       
[  8] 997.00-998.00 sec  0.00 Bytes  0.00 bits/sec    0   1.41 KBytes       
[  8] 998.00-999.00 sec  0.00 Bytes  0.00 bits/sec    0   1.41 KBytes       
[  8] 999.00-1000.00 sec  0.00 Bytes  0.00 bits/sec    0   1.41 KBytes       
[  8] 1000.00-1001.00 sec  0.00 Bytes  0.00 bits/sec    0   1.41 KBytes       
[  8] 1001.00-1002.00 sec  0.00 Bytes  0.00 bits/sec    0   1.41 KBytes       
[  8] 1002.00-1003.00 sec  0.00 Bytes  0.00 bits/sec    0   1.41 KBytes       
[  8] 1003.00-1004.00 sec  0.00 Bytes  0.00 bits/sec    0   1.41 KBytes       
[  8] 1004.00-1005.00 sec  0.00 Bytes  0.00 bits/sec    0   1.41 KBytes       
[  8] 1005.00-1006.00 sec  0.00 Bytes  0.00 bits/sec    0   1.41 KBytes       
[  8] 1006.00-1007.00 sec  0.00 Bytes  0.00 bits/sec    0   1.41 KBytes       
[  8] 1007.00-1008.00 sec  0.00 Bytes  0.00 bits/sec    0   1.41 KBytes       
[  8] 1008.00-1009.00 sec  0.00 Bytes  0.00 bits/sec    0   1.41 KBytes       
[  8] 1009.00-1010.00 sec  0.00 Bytes  0.00 bits/sec    0   1.41 KBytes       
[  8] 1010.00-1011.00 sec  0.00 Bytes  0.00 bits/sec    0   1.41 KBytes       
[  8] 1011.00-1012.00 sec  0.00 Bytes  0.00 bits/sec    0   1.41 KBytes       
[  8] 1012.00-1013.00 sec  0.00 Bytes  0.00 bits/sec    0   1.41 KBytes       
[  8] 1013.00-1014.00 sec  0.00 Bytes  0.00 bits/sec    0   1.41 KBytes       
[  8] 1014.00-1015.00 sec  0.00 Bytes  0.00 bits/sec    0   1.41 KBytes       
[  8] 1015.00-1015.54 sec  0.00 Bytes  0.00 bits/sec    0   1.41 KBytes       
- - - - - - - - - - - - - - - - - - - - - - - - -
[ ID] Interval           Transfer     Bitrate         Retr
[  8]   0.00-1015.54 sec  82.2 MBytes   679 Kbits/sec  497             sender
[  8]   0.00-1015.54 sec  0.00 Bytes  0.00 bits/sec                  receiver
iperf3: interrupt - the client has terminated
