[  8] 301.01-302.01 sec  0.00 Bytes  0.00 bits/sec    0   1.41 KBytes       
[  8] 302.01-303.01 sec  0.00 Bytes  0.00 bits/sec    0   1.41 KBytes       
[  8] 303.01-304.01 sec  0.00 Bytes  0.00 bits/sec    0   1.41 KBytes       
[  8] 304.01-305.01 sec  0.00 Bytes  0.00 bits/sec    0   1.41 KBytes       
[  8] 305.01-306.01 sec  0.00 Bytes  0.00 bits/sec    0   1.41 KBytes       
[  8] 306.01-307.01 sec  0.00 Bytes  0.00 bits/sec    0   1.41 KBytes       
[  8] 307.01-308.01 sec  0.00 Bytes  0.00 bits/sec    0   1.41 KBytes       
[  8] 308.01-309.01 sec  0.00 Bytes  0.00 bits/sec    0   1.41 KBytes       
[  8] 309.01-310.01 sec  0.00 Bytes  0.00 bits/sec    0   1.41 KBytes       
[  8] 310.01-311.01 sec  0.00 Bytes  0.00 bits/sec    0   1.41 KBytes       
[  8] 311.01-312.01 sec  0.00 Bytes  0.00 bits/sec    0   1.41 KBytes       
[  8] 312.01-313.00 sec  0.00 Bytes  0.00 bits/sec    0   1.41 KBytes       
[  8] 313.00-314.01 sec  0.00 Bytes  0.00 bits/sec    0   1.41 KBytes       
[  8] 314.01-315.01 sec  0.00 Bytes  0.00 bits/sec    0   1.41 KBytes       
[  8] 315.01-316.01 sec  0.00 Bytes  0.00 bits/sec    0   1.41 KBytes       
[  8] 316.01-317.01 sec  0.00 Bytes  0.00 bits/sec    0   1.41 KBytes       
[  8] 317.01-318.01 sec  0.00 Bytes  0.00 bits/sec    0   1.41 KBytes       
[  8] 318.01-319.01 sec  0.00 Bytes  0.00 bits/sec    0   1.41 KBytes       
[  8] 319.01-320.01 sec  0.00 Bytes  0.00 bits/sec    0   1.41 KBytes       
[  8] 320.01-321.01 sec  0.00 Bytes  0.00 bits/sec    0   1.41 KBytes       
[  8] 321.01-322.01 sec  0.00 Bytes  0.00 bits/sec    0   1.41 KBytes       
[  8] 322.01-323.00 sec  0.00 Bytes  0.00 bits/sec    0   1.41 KBytes       
[  8] 323.00-324.02 sec  0.00 Bytes  0.00 bits/sec    0   1.41 KBytes       
[  8] 324.02-325.01 sec  0.00 Bytes  0.00 bits/sec    0   1.41 KBytes       
[  8] 325.01-326.01 sec  0.00 Bytes  0.00 bits/sec    0   1.41 KBytes       
[  8] 326.01-327.01 sec  0.00 Bytes  0.00 bits/sec    0   1.41 KBytes       
[  8] 327.01-328.02 sec  0.00 Bytes  0.00 bits/sec    0   1.41 KBytes       
[  8] 328.02-329.03 sec  0.00 Bytes  0.00 bits/sec    0   1.41 KBytes       
[  8] 329.03-330.01 sec  0.00 Bytes  0.00 bits/sec    0   1.41 KBytes       
[  8] 330.01-331.01 sec  0.00 Bytes  0.00 bits/sec    0   1.41 KBytes       
[  8] 331.01-332.01 sec  0.00 Bytes  0.00 bits/sec    0   1.41 KBytes       
[  8] 332.01-333.00 sec  0.00 Bytes  0.00 bits/sec    0   1.41 KBytes       
[  8] 333.00-334.01 sec  0.00 Bytes  0.00 bits/sec    0   1.41 KBytes       
[  8] 334.01-335.01 sec  0.00 Bytes  0.00 bits/sec    0   1.41 KBytes       
[  8] 335.01-336.01 sec  0.00 Bytes  0.00 bits/sec    0   1.41 KBytes       
[  8] 336.01-337.02 sec  0.00 Bytes  0.00 bits/sec    0   1.41 KBytes       
[  8] 337.02-338.00 sec  0.00 Bytes  0.00 bits/sec    0   1.41 KBytes       
[  8] 338.00-339.01 sec  0.00 Bytes  0.00 bits/sec    0   1.41 KBytes       
[  8] 339.01-340.03 sec  0.00 Bytes  0.00 bits/sec    0   1.41 KBytes       
[  8] 340.03-341.00 sec  0.00 Bytes  0.00 bits/sec    0   1.41 KBytes       
[  8] 341.00-342.01 sec  0.00 Bytes  0.00 bits/sec    0   1.41 KBytes       
[  8] 342.01-343.00 sec  0.00 Bytes  0.00 bits/sec    0   1.41 KBytes       
[  8] 343.00-344.02 sec  0.00 Bytes  0.00 bits/sec    0   1.41 KBytes       
[  8] 344.02-345.01 sec  0.00 Bytes  0.00 bits/sec    0   1.41 KBytes       
[  8] 345.01-346.01 sec  0.00 Bytes  0.00 bits/sec    0   1.41 KBytes       
[  8] 346.01-347.01 sec  0.00 Bytes  0.00 bits/sec    0   1.41 KBytes       
[  8] 347.01-348.01 sec  0.00 Bytes  0.00 bits/sec    0   1.41 KBytes       
[  8] 348.01-349.01 sec  0.00 Bytes  0.00 bits/sec    0   1.41 KBytes       
[  8] 349.01-350.01 sec  0.00 Bytes  0.00 bits/sec    0   1.41 KBytes       
[  8] 350.01-351.01 sec  0.00 Bytes  0.00 bits/sec    0   1.41 KBytes       
[  8] 351.01-352.01 sec  0.00 Bytes  0.00 bits/sec    0   1.41 KBytes       
[  8] 352.01-353.00 sec  0.00 Bytes  0.00 bits/sec    0   1.41 KBytes       
[  8] 353.00-354.01 sec  0.00 Bytes  0.00 bits/sec    0   1.41 KBytes       
[  8] 354.01-355.01 sec  0.00 Bytes  0.00 bits/sec    0   1.41 KBytes       
[  8] 355.01-356.01 sec  0.00 Bytes  0.00 bits/sec    0   1.41 KBytes       
[  8] 356.01-357.01 sec  0.00 Bytes  0.00 bits/sec    0   1.41 KBytes       
[  8] 357.01-358.03 sec  0.00 Bytes  0.00 bits/sec    0   1.41 KBytes       
[  8] 358.03-359.01 sec  0.00 Bytes  0.00 bits/sec    0   1.41 KBytes       
[  8] 359.01-360.01 sec  0.00 Bytes  0.00 bits/sec    0   1.41 KBytes       
[  8] 360.01-361.01 sec  0.00 Bytes  0.00 bits/sec    0   1.41 KBytes       
[  8] 361.01-362.04 sec  0.00 Bytes  0.00 bits/sec    0   1.41 KBytes       
[  8] 362.04-363.00 sec  0.00 Bytes  0.00 bits/sec    0   1.41 KBytes       
[  8] 363.00-364.03 sec  0.00 Bytes  0.00 bits/sec    0   1.41 KBytes       
[  8] 364.03-365.02 sec  0.00 Bytes  0.00 bits/sec    0   1.41 KBytes       
[  8] 365.02-366.00 sec  0.00 Bytes  0.00 bits/sec    0   1.41 KBytes       
[  8] 366.00-367.01 sec  0.00 Bytes  0.00 bits/sec    0   1.41 KBytes       
[  8] 367.01-368.02 sec  0.00 Bytes  0.00 bits/sec    0   1.41 KBytes       
[  8] 368.02-369.00 sec  0.00 Bytes  0.00 bits/sec    0   1.41 KBytes       
[  8] 369.00-370.00 sec  0.00 Bytes  0.00 bits/sec    0   1.41 KBytes       
[  8] 370.00-371.01 sec  0.00 Bytes  0.00 bits/sec    0   1.41 KBytes       
[  8] 371.01-372.01 sec  0.00 Bytes  0.00 bits/sec    0   1.41 KBytes       
[  8] 372.01-373.01 sec  0.00 Bytes  0.00 bits/sec    0   1.41 KBytes       
[  8] 373.01-374.01 sec  0.00 Bytes  0.00 bits/sec    0   1.41 KBytes       
[  8] 374.01-375.01 sec  0.00 Bytes  0.00 bits/sec    0   1.41 KBytes       
[  8] 375.01-376.01 sec  0.00 Bytes  0.00 bits/sec    0   1.41 KBytes       
[  8] 376.01-377.02 sec  0.00 Bytes  0.00 bits/sec    0   1.41 KBytes       
[  8] 377.02-378.01 sec  0.00 Bytes  0.00 bits/sec    0   1.41 KBytes       
[  8] 378.01-379.01 sec  0.00 Bytes  0.00 bits/sec    0   1.41 KBytes       
[  8] 379.01-380.01 sec  0.00 Bytes  0.00 bits/sec    0   1.41 KBytes       
[  8] 380.01-381.01 sec  0.00 Bytes  0.00 bits/sec    0   1.41 KBytes       
[  8] 381.01-382.01 sec  0.00 Bytes  0.00 bits/sec    0   1.41 KBytes       
[  8] 382.01-383.00 sec  0.00 Bytes  0.00 bits/sec    0   1.41 KBytes       
[  8] 383.00-384.01 sec  0.00 Bytes  0.00 bits/sec    0   1.41 KBytes       
[  8] 384.01-385.04 sec  0.00 Bytes  0.00 bits/sec    0   1.41 KBytes       
[  8] 385.04-386.00 sec  0.00 Bytes  0.00 bits/sec    0   1.41 KBytes       
[  8] 386.00-387.01 sec  0.00 Bytes  0.00 bits/sec    0   1.41 KBytes       
[  8] 387.01-388.01 sec  0.00 Bytes  0.00 bits/sec    0   1.41 KBytes       
[  8] 388.01-389.01 sec  0.00 Bytes  0.00 bits/sec    0   1.41 KBytes       
[  8] 389.01-390.03 sec  0.00 Bytes  0.00 bits/sec    0   1.41 KBytes       
[  8] 390.03-391.00 sec  0.00 Bytes  0.00 bits/sec    0   1.41 KBytes       
[  8] 391.00-392.03 sec  0.00 Bytes  0.00 bits/sec    0   1.41 KBytes       
[  8] 392.03-393.00 sec  0.00 Bytes  0.00 bits/sec    0   1.41 KBytes       
[  8] 393.00-394.01 sec  0.00 Bytes  0.00 bits/sec    0   1.41 KBytes       
[  8] 394.01-395.01 sec  0.00 Bytes  0.00 bits/sec    0   1.41 KBytes       
[  8] 395.01-396.01 sec  0.00 Bytes  0.00 bits/sec    0   1.41 KBytes       
[  8] 396.01-397.02 sec  0.00 Bytes  0.00 bits/sec    0   1.41 KBytes       
[  8] 397.02-398.03 sec  0.00 Bytes  0.00 bits/sec    0   1.41 KBytes       
[  8] 398.03-399.02 sec  0.00 Bytes  0.00 bits/sec    0   1.41 KBytes       
[  8] 399.02-400.01 sec  0.00 Bytes  0.00 bits/sec    0   1.41 KBytes       
[  8] 400.01-401.00 sec  0.00 Bytes  0.00 bits/sec    0   1.41 KBytes       
[  8] 401.00-402.01 sec  0.00 Bytes  0.00 bits/sec    0   1.41 KBytes       
[  8] 402.01-403.00 sec  0.00 Bytes  0.00 bits/sec    0   1.41 KBytes       
[  8] 403.00-404.01 sec  0.00 Bytes  0.00 bits/sec    0   1.41 KBytes       
[  8] 404.01-405.01 sec  0.00 Bytes  0.00 bits/sec    0   1.41 KBytes       
[  8] 405.01-406.01 sec  0.00 Bytes  0.00 bits/sec    0   1.41 KBytes       
[  8] 406.01-407.02 sec  0.00 Bytes  0.00 bits/sec    0   1.41 KBytes       
[  8] 407.02-408.02 sec  0.00 Bytes  0.00 bits/sec    0   1.41 KBytes       
[  8] 408.02-409.00 sec  0.00 Bytes  0.00 bits/sec    0   1.41 KBytes       
[  8] 409.00-410.01 sec  0.00 Bytes  0.00 bits/sec    0   1.41 KBytes       
[  8] 410.01-411.00 sec  0.00 Bytes  0.00 bits/sec    0   1.41 KBytes       
[  8] 411.00-412.01 sec  0.00 Bytes  0.00 bits/sec    0   1.41 KBytes       
[  8] 412.01-413.00 sec  0.00 Bytes  0.00 bits/sec    0   1.41 KBytes       
[  8] 413.00-414.01 sec  0.00 Bytes  0.00 bits/sec    0   1.41 KBytes       
[  8] 414.01-415.01 sec  0.00 Bytes  0.00 bits/sec    0   1.41 KBytes       
[  8] 415.01-416.01 sec  0.00 Bytes  0.00 bits/sec    0   1.41 KBytes       
[  8] 416.01-417.03 sec  0.00 Bytes  0.00 bits/sec    0   1.41 KBytes       
[  8] 417.03-418.02 sec  0.00 Bytes  0.00 bits/sec    0   1.41 KBytes       
[  8] 418.02-419.00 sec  0.00 Bytes  0.00 bits/sec    0   1.41 KBytes       
[  8] 419.00-420.01 sec  0.00 Bytes  0.00 bits/sec    0   1.41 KBytes       
[  8] 420.01-421.01 sec  0.00 Bytes  0.00 bits/sec    0   1.41 KBytes       
[  8] 421.01-422.02 sec  0.00 Bytes  0.00 bits/sec    0   1.41 KBytes       
[  8] 422.02-423.00 sec  0.00 Bytes  0.00 bits/sec    0   1.41 KBytes       
[  8] 423.00-424.01 sec  0.00 Bytes  0.00 bits/sec    0   1.41 KBytes       
[  8] 424.01-425.01 sec  0.00 Bytes  0.00 bits/sec    0   1.41 KBytes       
[  8] 425.01-426.01 sec  0.00 Bytes  0.00 bits/sec    0   1.41 KBytes       
[  8] 426.01-427.01 sec  0.00 Bytes  0.00 bits/sec    0   1.41 KBytes       
[  8] 427.01-428.02 sec  0.00 Bytes  0.00 bits/sec    0   1.41 KBytes       
[  8] 428.02-429.00 sec  0.00 Bytes  0.00 bits/sec    0   1.41 KBytes       
[  8] 429.00-430.01 sec  0.00 Bytes  0.00 bits/sec    0   1.41 KBytes       
[  8] 430.01-431.01 sec  0.00 Bytes  0.00 bits/sec    0   1.41 KBytes       
[  8] 431.01-432.01 sec  0.00 Bytes  0.00 bits/sec    0   1.41 KBytes       
[  8] 432.01-433.00 sec  0.00 Bytes  0.00 bits/sec    0   1.41 KBytes       
[  8] 433.00-434.03 sec  0.00 Bytes  0.00 bits/sec    0   1.41 KBytes       
[  8] 434.03-435.01 sec  0.00 Bytes  0.00 bits/sec    0   1.41 KBytes       
[  8] 435.01-436.01 sec  0.00 Bytes  0.00 bits/sec    0   1.41 KBytes       
[  8] 436.01-437.02 sec  0.00 Bytes  0.00 bits/sec    0   1.41 KBytes       
[  8] 437.02-438.02 sec  0.00 Bytes  0.00 bits/sec    0   1.41 KBytes       
[  8] 438.02-439.01 sec  0.00 Bytes  0.00 bits/sec    0   1.41 KBytes       
[  8] 439.01-440.01 sec  0.00 Bytes  0.00 bits/sec    0   1.41 KBytes       
[  8] 440.01-441.01 sec  0.00 Bytes  0.00 bits/sec    0   1.41 KBytes       
[  8] 441.01-442.01 sec  0.00 Bytes  0.00 bits/sec    0   1.41 KBytes       
[  8] 442.01-443.00 sec  0.00 Bytes  0.00 bits/sec    0   1.41 KBytes       
[  8] 443.00-444.01 sec  0.00 Bytes  0.00 bits/sec    0   1.41 KBytes       
[  8] 444.01-445.01 sec  0.00 Bytes  0.00 bits/sec    0   1.41 KBytes       
[  8] 445.01-446.02 sec  0.00 Bytes  0.00 bits/sec    0   1.41 KBytes       
[  8] 446.02-447.01 sec  0.00 Bytes  0.00 bits/sec    0   1.41 KBytes       
[  8] 447.01-448.04 sec  0.00 Bytes  0.00 bits/sec    0   1.41 KBytes       
[  8] 448.04-449.01 sec  0.00 Bytes  0.00 bits/sec    0   1.41 KBytes       
[  8] 449.01-450.01 sec  0.00 Bytes  0.00 bits/sec    0   1.41 KBytes       
[  8] 450.01-451.01 sec  0.00 Bytes  0.00 bits/sec    0   1.41 KBytes       
[  8] 451.01-452.01 sec  0.00 Bytes  0.00 bits/sec    0   1.41 KBytes       
[  8] 452.01-453.02 sec  0.00 Bytes  0.00 bits/sec    0   1.41 KBytes       
[  8] 453.02-454.00 sec  0.00 Bytes  0.00 bits/sec    0   1.41 KBytes       
[  8] 454.00-455.01 sec  0.00 Bytes  0.00 bits/sec    0   1.41 KBytes       
[  8] 455.01-456.01 sec  0.00 Bytes  0.00 bits/sec    0   1.41 KBytes       
[  8] 456.01-457.01 sec  0.00 Bytes  0.00 bits/sec    0   1.41 KBytes       
[  8] 457.01-458.01 sec  0.00 Bytes  0.00 bits/sec    0   1.41 KBytes       
[  8] 458.01-459.01 sec  0.00 Bytes  0.00 bits/sec    0   1.41 KBytes       
[  8] 459.01-460.03 sec  0.00 Bytes  0.00 bits/sec    0   1.41 KBytes       
[  8] 460.03-461.00 sec  0.00 Bytes  0.00 bits/sec    0   1.41 KBytes       
[  8] 461.00-462.01 sec  0.00 Bytes  0.00 bits/sec    0   1.41 KBytes       
[  8] 462.01-463.00 sec  0.00 Bytes  0.00 bits/sec    0   1.41 KBytes       
[  8] 463.00-464.01 sec  0.00 Bytes  0.00 bits/sec    0   1.41 KBytes       
[  8] 464.01-465.01 sec  0.00 Bytes  0.00 bits/sec    0   1.41 KBytes       
[  8] 465.01-466.01 sec  0.00 Bytes  0.00 bits/sec    0   1.41 KBytes       
[  8] 466.01-467.03 sec  0.00 Bytes  0.00 bits/sec    0   1.41 KBytes       
[  8] 467.03-468.01 sec  0.00 Bytes  0.00 bits/sec    0   1.41 KBytes       
[  8] 468.01-469.01 sec  0.00 Bytes  0.00 bits/sec    0   1.41 KBytes       
[  8] 469.01-470.01 sec  0.00 Bytes  0.00 bits/sec    0   1.41 KBytes       
[  8] 470.01-471.01 sec  0.00 Bytes  0.00 bits/sec    0   1.41 KBytes       
[  8] 471.01-472.01 sec  0.00 Bytes  0.00 bits/sec    0   1.41 KBytes       
[  8] 472.01-473.00 sec  0.00 Bytes  0.00 bits/sec    0   1.41 KBytes       
[  8] 473.00-474.01 sec  0.00 Bytes  0.00 bits/sec    0   1.41 KBytes       
[  8] 474.01-475.01 sec  0.00 Bytes  0.00 bits/sec    0   1.41 KBytes       
[  8] 475.01-476.01 sec  0.00 Bytes  0.00 bits/sec    0   1.41 KBytes       
[  8] 476.01-477.01 sec  0.00 Bytes  0.00 bits/sec    0   1.41 KBytes       
[  8] 477.01-478.01 sec  0.00 Bytes  0.00 bits/sec    0   1.41 KBytes       
[  8] 478.01-479.01 sec  0.00 Bytes  0.00 bits/sec    0   1.41 KBytes       
[  8] 479.01-480.01 sec  0.00 Bytes  0.00 bits/sec    0   1.41 KBytes       
[  8] 480.01-481.01 sec  0.00 Bytes  0.00 bits/sec    0   1.41 KBytes       
[  8] 481.01-482.01 sec  0.00 Bytes  0.00 bits/sec    0   1.41 KBytes       
[  8] 482.01-483.00 sec  0.00 Bytes  0.00 bits/sec    0   1.41 KBytes       
[  8] 483.00-484.01 sec  0.00 Bytes  0.00 bits/sec    0   1.41 KBytes       
[  8] 484.01-485.01 sec  0.00 Bytes  0.00 bits/sec    0   1.41 KBytes       
[  8] 485.01-486.01 sec  0.00 Bytes  0.00 bits/sec    0   1.41 KBytes       
[  8] 486.01-487.01 sec  0.00 Bytes  0.00 bits/sec    0   1.41 KBytes       
[  8] 487.01-488.01 sec  0.00 Bytes  0.00 bits/sec    0   1.41 KBytes       
[  8] 488.01-489.02 sec  0.00 Bytes  0.00 bits/sec    0   1.41 KBytes       
[  8] 489.02-490.01 sec  0.00 Bytes  0.00 bits/sec    0   1.41 KBytes       
[  8] 490.01-491.01 sec  0.00 Bytes  0.00 bits/sec    0   1.41 KBytes       
[  8] 491.01-492.01 sec  0.00 Bytes  0.00 bits/sec    0   1.41 KBytes       
[  8] 492.01-493.00 sec  0.00 Bytes  0.00 bits/sec    0   1.41 KBytes       
[  8] 493.00-494.01 sec  0.00 Bytes  0.00 bits/sec    0   1.41 KBytes       
[  8] 494.01-495.01 sec  0.00 Bytes  0.00 bits/sec    0   1.41 KBytes       
[  8] 495.01-496.01 sec  0.00 Bytes  0.00 bits/sec    0   1.41 KBytes       
[  8] 496.01-497.01 sec  0.00 Bytes  0.00 bits/sec    0   1.41 KBytes       
[  8] 497.01-498.01 sec  0.00 Bytes  0.00 bits/sec    0   1.41 KBytes       
[  8] 498.01-499.01 sec  0.00 Bytes  0.00 bits/sec    0   1.41 KBytes       
[  8] 499.01-500.01 sec  0.00 Bytes  0.00 bits/sec    0   1.41 KBytes       
[  8] 500.01-501.01 sec  0.00 Bytes  0.00 bits/sec    0   1.41 KBytes       
[  8] 501.01-502.01 sec  0.00 Bytes  0.00 bits/sec    0   1.41 KBytes       
[  8] 502.01-503.00 sec  0.00 Bytes  0.00 bits/sec    0   1.41 KBytes       
[  8] 503.00-504.01 sec  0.00 Bytes  0.00 bits/sec    0   1.41 KBytes       
[  8] 504.01-505.01 sec  0.00 Bytes  0.00 bits/sec    0   1.41 KBytes       
[  8] 505.01-506.01 sec  0.00 Bytes  0.00 bits/sec    0   1.41 KBytes       
[  8] 506.01-507.01 sec  0.00 Bytes  0.00 bits/sec    0   1.41 KBytes       
[  8] 507.01-508.01 sec  0.00 Bytes  0.00 bits/sec    0   1.41 KBytes       
[  8] 508.01-509.00 sec  0.00 Bytes  0.00 bits/sec    0   1.41 KBytes       
[  8] 509.00-510.00 sec  0.00 Bytes  0.00 bits/sec    0   1.41 KBytes       
[  8] 510.00-511.01 sec  0.00 Bytes  0.00 bits/sec    0   1.41 KBytes       
[  8] 511.01-512.00 sec  0.00 Bytes  0.00 bits/sec    0   1.41 KBytes       
[  8] 512.00-513.00 sec  0.00 Bytes  0.00 bits/sec    0   1.41 KBytes       
[  8] 513.00-514.00 sec  0.00 Bytes  0.00 bits/sec    0   1.41 KBytes       
[  8] 514.00-515.00 sec  0.00 Bytes  0.00 bits/sec    0   1.41 KBytes       
[  8] 515.00-516.00 sec  0.00 Bytes  0.00 bits/sec    0   1.41 KBytes       
[  8] 516.00-517.00 sec  0.00 Bytes  0.00 bits/sec    0   1.41 KBytes       
[  8] 517.00-518.00 sec  0.00 Bytes  0.00 bits/sec    0   1.41 KBytes       
[  8] 518.00-519.00 sec  0.00 Bytes  0.00 bits/sec    0   1.41 KBytes       
[  8] 519.00-520.00 sec  0.00 Bytes  0.00 bits/sec    0   1.41 KBytes       
[  8] 520.00-521.00 sec  0.00 Bytes  0.00 bits/sec    0   1.41 KBytes       
[  8] 521.00-522.00 sec  0.00 Bytes  0.00 bits/sec    0   1.41 KBytes       
[  8] 522.00-523.00 sec  0.00 Bytes  0.00 bits/sec    0   1.41 KBytes       
[  8] 523.00-524.00 sec  0.00 Bytes  0.00 bits/sec    0   1.41 KBytes       
[  8] 524.00-525.00 sec  0.00 Bytes  0.00 bits/sec    0   1.41 KBytes       
[  8] 525.00-526.00 sec  0.00 Bytes  0.00 bits/sec    0   1.41 KBytes       
[  8] 526.00-527.00 sec  0.00 Bytes  0.00 bits/sec    0   1.41 KBytes       
[  8] 527.00-528.00 sec  0.00 Bytes  0.00 bits/sec    0   1.41 KBytes       
[  8] 528.00-529.00 sec  0.00 Bytes  0.00 bits/sec    0   1.41 KBytes       
[  8] 529.00-530.00 sec  0.00 Bytes  0.00 bits/sec    0   1.41 KBytes       
[  8] 530.00-531.00 sec  0.00 Bytes  0.00 bits/sec    0   1.41 KBytes       
[  8] 531.00-532.00 sec  0.00 Bytes  0.00 bits/sec    0   1.41 KBytes       
[  8] 532.00-533.00 sec  0.00 Bytes  0.00 bits/sec    0   1.41 KBytes       
[  8] 533.00-534.00 sec  0.00 Bytes  0.00 bits/sec    0   1.41 KBytes       
[  8] 534.00-535.00 sec  0.00 Bytes  0.00 bits/sec    0   1.41 KBytes       
[  8] 535.00-536.00 sec  0.00 Bytes  0.00 bits/sec    0   1.41 KBytes       
[  8] 536.00-537.00 sec  0.00 Bytes  0.00 bits/sec    0   1.41 KBytes       
[  8] 537.00-538.00 sec  0.00 Bytes  0.00 bits/sec    0   1.41 KBytes       
[  8] 538.00-539.00 sec  0.00 Bytes  0.00 bits/sec    0   1.41 KBytes       
[  8] 539.00-539.10 sec  0.00 Bytes  0.00 bits/sec    0   1.41 KBytes       
- - - - - - - - - - - - - - - - - - - - - - - - -
[ ID] Interval           Transfer     Bitrate         Retr
[  8]   0.00-539.10 sec  66.7 MBytes  1.04 Mbits/sec  315             sender
[  8]   0.00-539.10 sec  0.00 Bytes  0.00 bits/sec                  receiver
iperf3: interrupt - the client has terminated
