old logs for refernce only 

uncomment those lines to see this logs for debugging


wmediumd tool starting here
mac table not found, so ask kernel
Inside Starting MAC search in kernel
Sending random MAC to kernel: 8e:3f:bd:5c:50:75
Netlink message sent to kernel with seq_num: 1
Netlink message sent to kernel successfully
Received raw data from kernel (seq_num: 1): 02 00 00 00 00 00 00 00 91 00 00 00 00 00 00 00 10 69 01 5b 58 55 Extracted base MAC from kernel: 02:00:00:00:00:00
Received message with seq_num: 1
Received response from Netlink successfully
mac table not found, so ask kernel
Inside Starting MAC search in kernel
Sending random MAC to kernel: 26:20:7b:15:f6:81
Netlink message sent to kernel with seq_num: 2
Netlink message sent to kernel successfully
Received raw data from kernel (seq_num: 2): 02 00 00 00 00 00 00 00 91 00 00 00 00 00 00 00 d0 6e 01 5b 58 55 Extracted base MAC from kernel: 02:00:00:00:00:00
Received message with seq_num: 2
Received response from Netlink successfully
mac table not found, so ask kernel
Inside Starting MAC search in kernel
Sending random MAC to kernel: 56:30:ef:b5:88:6f
Netlink message sent to kernel with seq_num: 3
Netlink message sent to kernel successfully
Received raw data from kernel (seq_num: 3): 02 00 00 00 00 00 00 00 91 00 00 00 00 00 00 00 10 69 01 5b 58 55 Extracted base MAC from kernel: 02:00:00:00:00:00
Received message with seq_num: 3
Received response from Netlink successfully
mac table not found, so ask kernel
Inside Starting MAC search in kernel
Sending random MAC to kernel: 6e:ca:27:db:eb:46
Netlink message sent to kernel with seq_num: 4
Netlink message sent to kernel successfully
Received raw data from kernel (seq_num: 4): 02 00 00 00 00 00 00 00 c1 00 00 00 00 00 00 00 f0 53 01 5b 58 55 Extracted base MAC from kernel: 02:00:00:00:00:00
Received message with seq_num: 4
Received response from Netlink successfully



new logs after comment of debugging logs

wmediumd tool starting here
mac table not found, so ask kernel
Inside Starting MAC search in kernel
Sending random MAC to kernel: 86:25:1f:0d:50:44
Netlink message sent to kernel successfully
Extracted base MAC from kernel: 02:00:00:00:00:00
mac table not found, so ask kernel
Inside Starting MAC search in kernel
Sending random MAC to kernel: 8a:bd:15:83:73:c5
Netlink message sent to kernel successfully
Extracted base MAC from kernel: 02:00:00:00:00:00
